[13:49:14.982][info] [#0:/home/gustavo/.config/coc/extensions/coc-lua-data/lua-language-server/main.lua:66]: Lua Lsp startup, root: 	/home/gustavo/.config/coc/extensions/coc-lua-data/lua-language-server
[13:49:14.982][info] [#0:/home/gustavo/.config/coc/extensions/coc-lua-data/lua-language-server/main.lua:67]: ROOT:	/home/gustavo/.config/coc/extensions/coc-lua-data/lua-language-server
[13:49:14.982][info] [#0:/home/gustavo/.config/coc/extensions/coc-lua-data/lua-language-server/main.lua:68]: LOGPATH:	/home/gustavo/.config/coc/extensions/coc-lua-data/lua-language-server/log
[13:49:14.982][info] [#0:/home/gustavo/.config/coc/extensions/coc-lua-data/lua-language-server/main.lua:69]: METAPATH:	/home/gustavo/.config/coc/extensions/coc-lua-data/lua-language-server/meta
[13:49:14.982][info] [#0:/home/gustavo/.config/coc/extensions/coc-lua-data/lua-language-server/main.lua:70]: VERSION:	3.7.0
[13:49:15.029][info] [#0:script/service/service.lua:144]: 
========= Medical Examination Report =========
    --------------- Memory ---------------
        Total: 2.140 MB
        # 00 : 2.140 MB
        # 01 : 0.000 MB
        # 02 : 0.000 MB
        # 03 : 0.000 MB
        # 04 : 0.000 MB
    --------------- Coroutine ---------------
        Total:     0
        Running:   0
        Suspended: 0
        Normal:    0
        Dead:      0
    --------------- Cache ---------------
        Total: 1
        Dead:  0
    ---------------  RPC  ---------------
        Holdon:   0
        Waiting:  0
==============================================
[13:49:15.143][info] [#0:script/client.lua:657]: Client init	{
  capabilities = {
    general = {
      markdown = {
        parser = "marked",
        version = "4.0.10"
      },
      positionEncodings = { "utf-16" },
      regularExpressions = {
        engine = "ECMAScript",
        version = "ES2020"
      },
      staleRequestSupport = {
        cancel = true,
        retryOnContentModified = { "textDocument/inlayHint", "textDocument/semanticTokens/full", "textDocument/semanticTokens/range", "textDocument/semanticTokens/full/delta" }
      }
    },
    textDocument = {
      callHierarchy = {
        dynamicRegistration = true
      },
      codeAction = {
        codeActionLiteralSupport = {
          codeActionKind = {
            valueSet = { "", "quickfix", "refactor", "refactor.extract", "refactor.inline", "refactor.rewrite", "source", "source.organizeImports" }
          }
        },
        dataSupport = true,
        disabledSupport = true,
        dynamicRegistration = true,
        honorsChangeAnnotations = false,
        isPreferredSupport = true,
        resolveSupport = {
          properties = { "edit" }
        }
      },
      codeLens = {
        dynamicRegistration = true
      },
      colorProvider = {
        dynamicRegistration = true
      },
      completion = {
        completionItem = {
          commitCharactersSupport = true,
          deprecatedSupport = true,
          documentationFormat = { "markdown", "plaintext" },
          insertReplaceSupport = true,
          insertTextModeSupport = {
            valueSet = { 1, 2 }
          },
          labelDetailsSupport = true,
          preselectSupport = true,
          resolveSupport = {
            properties = { "documentation", "detail", "additionalTextEdits" }
          },
          snippetSupport = true,
          tagSupport = {
            valueSet = { 1 }
          }
        },
        completionItemKind = {
          valueSet = { 1, 2, 3, 4, 5, 6, 7, 8, 9, 10, 11, 12, 13, 14, 15, 16, 17, 18, 19, 20, 21, 22, 23, 24, 25 }
        },
        completionList = {
          itemDefaults = { "commitCharacters", "editRange", "insertTextFormat", "insertTextMode" }
        },
        contextSupport = true,
        dynamicRegistration = true,
        insertTextMode = 2
      },
      declaration = {
        dynamicRegistration = true,
        linkSupport = true
      },
      definition = {
        dynamicRegistration = true,
        linkSupport = true
      },
      diagnostic = {
        dynamicRegistration = true,
        relatedDocumentSupport = true
      },
      documentHighlight = {
        dynamicRegistration = true
      },
      documentLink = {
        dynamicRegistration = true,
        tooltipSupport = true
      },
      documentSymbol = {
        dynamicRegistration = true,
        hierarchicalDocumentSymbolSupport = true,
        labelSupport = true,
        symbolKind = {
          valueSet = { 1, 2, 3, 4, 5, 6, 7, 8, 9, 10, 11, 12, 13, 14, 15, 16, 17, 18, 19, 20, 21, 22, 23, 24, 25, 26 }
        },
        tagSupport = {
          valueSet = { 1 }
        }
      },
      foldingRange = {
        dynamicRegistration = true,
        foldingRange = {
          collapsedText = false
        },
        foldingRangeKind = {
          valueSet = { "comment", "imports", "region" }
        },
        lineFoldingOnly = true,
        rangeLimit = 5000
      },
      formatting = {
        dynamicRegistration = true
      },
      hover = {
        contentFormat = { "markdown", "plaintext" },
        dynamicRegistration = true
      },
      implementation = {
        dynamicRegistration = true,
        linkSupport = true
      },
      inlayHint = {
        dynamicRegistration = true,
        resolveSupport = {
          properties = { "tooltip", "textEdits", "label.tooltip", "label.location", "label.command" }
        }
      },
      inlineValue = {
        dynamicRegistration = true
      },
      linkedEditingRange = {
        dynamicRegistration = true
      },
      onTypeFormatting = {
        dynamicRegistration = true
      },
      publishDiagnostics = {
        codeDescriptionSupport = true,
        dataSupport = true,
        relatedInformation = true,
        tagSupport = {
          valueSet = { 1, 2 }
        },
        versionSupport = true
      },
      rangeFormatting = {
        dynamicRegistration = true
      },
      references = {
        dynamicRegistration = true
      },
      rename = {
        dynamicRegistration = true,
        honorsChangeAnnotations = true,
        prepareSupport = true,
        prepareSupportDefaultBehavior = 1
      },
      selectionRange = {
        dynamicRegistration = true
      },
      semanticTokens = {
        augmentsSyntaxTokens = true,
        dynamicRegistration = true,
        formats = { "relative" },
        multilineTokenSupport = false,
        overlappingTokenSupport = false,
        requests = {
          full = {
            delta = true
          },
          range = true
        },
        serverCancelSupport = true,
        tokenModifiers = { "declaration", "definition", "readonly", "static", "deprecated", "abstract", "async", "modification", "documentation", "defaultLibrary" },
        tokenTypes = { "namespace", "type", "class", "enum", "interface", "struct", "typeParameter", "parameter", "variable", "property", "enumMember", "event", "function", "method", "macro", "keyword", "modifier", "comment", "string", "number", "regexp", "decorator", "operator" }
      },
      signatureHelp = {
        contextSupport = true,
        dynamicRegistration = true,
        signatureInformation = {
          activeParameterSupport = true,
          documentationFormat = { "markdown", "plaintext" },
          parameterInformation = {
            labelOffsetSupport = true
          }
        }
      },
      synchronization = {
        didSave = true,
        dynamicRegistration = true,
        willSave = true,
        willSaveWaitUntil = true
      },
      typeDefinition = {
        dynamicRegistration = true,
        linkSupport = true
      },
      typeHierarchy = {
        dynamicRegistration = true
      }
    },
    window = {
      showDocument = {
        support = true
      },
      showMessage = {
        messageActionItem = {
          additionalPropertiesSupport = true
        }
      },
      workDoneProgress = true
    },
    workspace = {
      applyEdit = true,
      codeLens = {
        refreshSupport = true
      },
      configuration = true,
      diagnostics = {
        refreshSupport = true
      },
      didChangeConfiguration = {
        dynamicRegistration = true
      },
      didChangeWatchedFiles = {
        dynamicRegistration = true,
        relativePatternSupport = true
      },
      executeCommand = {
        dynamicRegistration = true
      },
      fileOperations = {
        didCreate = true,
        didDelete = true,
        didRename = true,
        dynamicRegistration = true,
        willCreate = true,
        willDelete = true,
        willRename = true
      },
      inlayHint = {
        refreshSupport = true
      },
      inlineValue = {
        refreshSupport = true
      },
      semanticTokens = {
        refreshSupport = true
      },
      symbol = {
        dynamicRegistration = true,
        resolveSupport = {
          properties = { "location.range" }
        },
        symbolKind = {
          valueSet = { 1, 2, 3, 4, 5, 6, 7, 8, 9, 10, 11, 12, 13, 14, 15, 16, 17, 18, 19, 20, 21, 22, 23, 24, 25, 26 }
        },
        tagSupport = {
          valueSet = { 1 }
        }
      },
      workspaceEdit = {
        changeAnnotationSupport = {
          groupsOnLabel = false
        },
        documentChanges = true,
        failureHandling = "undo",
        normalizesLineEndings = true,
        resourceOperations = { "create", "rename", "delete" }
      },
      workspaceFolders = true
    }
  },
  clientInfo = {
    name = "coc.nvim",
    version = "0.0.82"
  },
  initializationOptions = {
    changeConfiguration = true
  },
  locale = "en_US",
  processId = 635195,
  rootPath = "/home/gustavo/Documents/lua",
  rootUri = "file:///home/gustavo/Documents/lua",
  trace = "off",
  workDoneToken = "479afaae-fee9-4e4e-8a17-57a5fe639f07",
  workspaceFolders = { {
      name = "lua",
      uri = "file:///home/gustavo/Documents/lua"
    } }
}
[13:49:15.143][info] [#0:script/language.lua:137]: VSC language: en_US
[13:49:15.143][info] [#0:script/language.lua:138]: LS  language: en-us
[13:49:15.143][info] [#0:script/workspace/workspace.lua:38]: Workspace init root: 	file:///home/gustavo/Documents/lua
[13:49:15.143][info] [#0:script/workspace/workspace.lua:42]: Log path: 	/home/gustavo/.config/coc/extensions/coc-lua-data/lua-language-server/log/file_home_gustavo_Documents_lua.log
[13:49:15.143][info] [#0:script/workspace/workspace.lua:48]: Workspace create: 	file:///home/gustavo/Documents/lua
[13:49:15.346][info] [#0:script/provider/provider.lua:46]: Load config from client	file:///home/gustavo/Documents/lua
[13:49:15.347][info] [#0:script/provider/provider.lua:47]: {
  Lua = {
    addonManager = {
      enable = true
    },
    codeLens = {
      enable = false
    },
    completion = {
      autoRequire = true,
      callSnippet = "Disable",
      displayContext = 0,
      enable = true,
      keywordSnippet = "Replace",
      postfix = "@",
      requireSeparator = ".",
      showParams = true,
      showWord = "Fallback",
      workspaceWord = true
    },
    diagnostics = {
      disable = {},
      disableScheme = { "git" },
      enable = true,
      globals = {},
      ignoredFiles = "Opened",
      libraryFiles = "Opened",
      unusedLocalExclude = {},
      workspaceDelay = 3000,
      workspaceEvent = "OnSave",
      workspaceRate = 100
    },
    doc = {
      packageName = {},
      privateName = {},
      protectedName = {}
    },
    format = {
      defaultConfig = {},
      enable = true
    },
    hint = {
      arrayIndex = "Auto",
      await = true,
      enable = false,
      paramName = "All",
      paramType = true,
      semicolon = "SameLine",
      setType = false
    },
    hover = {
      enable = true,
      enumsLimit = 5,
      expandAlias = true,
      previewFields = 50,
      viewNumber = true,
      viewString = true,
      viewStringMax = 1000
    },
    misc = {
      executablePath = "",
      parameters = {}
    },
    runtime = {
      fileEncoding = "utf8",
      meta = "${version} ${language} ${encoding}",
      nonstandardSymbol = {},
      path = { "?.lua", "?/init.lua" },
      pathStrict = false,
      plugin = "",
      pluginArgs = {},
      special = {},
      unicodeName = false,
      version = "Lua 5.4"
    },
    semantic = {
      annotation = true,
      enable = true,
      keyword = false,
      variable = true
    },
    signatureHelp = {
      enable = true
    },
    spell = {
      dict = {}
    },
    type = {
      castNumberToInteger = true,
      weakNilCheck = false,
      weakUnionCheck = false
    },
    window = {
      progressBar = true,
      statusBar = true
    },
    workspace = {
      checkThirdParty = true,
      ignoreDir = { ".vscode" },
      ignoreSubmodules = true,
      library = {},
      maxPreload = 5000,
      preloadFileSize = 500,
      useGitIgnore = true,
      userThirdParty = {}
    }
  }
}
[13:49:15.448][info] [#0:script/provider/completion.lua:43]: Enable completion.
[13:49:15.449][info] [#0:script/provider/provider.lua:61]: Load config from client	fallback
[13:49:15.453][info] [#0:script/provider/provider.lua:62]: {
  Lua = {
    addonManager = {
      enable = true
    },
    codeLens = {
      enable = false
    },
    completion = {
      autoRequire = true,
      callSnippet = "Disable",
      displayContext = 0,
      enable = true,
      keywordSnippet = "Replace",
      postfix = "@",
      requireSeparator = ".",
      showParams = true,
      showWord = "Fallback",
      workspaceWord = true
    },
    diagnostics = {
      disable = {},
      disableScheme = { "git" },
      enable = true,
      globals = {},
      ignoredFiles = "Opened",
      libraryFiles = "Opened",
      unusedLocalExclude = {},
      workspaceDelay = 3000,
      workspaceEvent = "OnSave",
      workspaceRate = 100
    },
    doc = {
      packageName = {},
      privateName = {},
      protectedName = {}
    },
    format = {
      defaultConfig = {},
      enable = true
    },
    hint = {
      arrayIndex = "Auto",
      await = true,
      enable = false,
      paramName = "All",
      paramType = true,
      semicolon = "SameLine",
      setType = false
    },
    hover = {
      enable = true,
      enumsLimit = 5,
      expandAlias = true,
      previewFields = 50,
      viewNumber = true,
      viewString = true,
      viewStringMax = 1000
    },
    misc = {
      executablePath = "",
      parameters = {}
    },
    runtime = {
      fileEncoding = "utf8",
      meta = "${version} ${language} ${encoding}",
      nonstandardSymbol = {},
      path = { "?.lua", "?/init.lua" },
      pathStrict = false,
      plugin = "",
      pluginArgs = {},
      special = {},
      unicodeName = false,
      version = "Lua 5.4"
    },
    semantic = {
      annotation = true,
      enable = true,
      keyword = false,
      variable = true
    },
    signatureHelp = {
      enable = true
    },
    spell = {
      dict = {}
    },
    type = {
      castNumberToInteger = true,
      weakNilCheck = false,
      weakUnionCheck = false
    },
    window = {
      progressBar = true,
      statusBar = true
    },
    workspace = {
      checkThirdParty = true,
      ignoreDir = { ".vscode" },
      ignoreSubmodules = true,
      library = {},
      maxPreload = 5000,
      preloadFileSize = 500,
      useGitIgnore = true,
      userThirdParty = {}
    }
  }
}
[13:49:15.656][info] [#0:script/library.lua:212]: Init builtin library at:	file:///home/gustavo/Documents/lua
[13:49:15.754][info] [#0:script/plugin.lua:86]: plugin path:	/home/gustavo/Documents/lua
[13:49:15.754][warn] [#0:script/plugin.lua:101]: plugin not found:	/home/gustavo/Documents/lua
[13:49:15.754][info] [#0:script/library.lua:212]: Init builtin library at:	nil
[13:49:15.773][info] [#0:script/workspace/workspace.lua:324]: Preload start:	file:///home/gustavo/Documents/lua
[13:49:15.776][info] [#0:script/workspace/workspace.lua:330]: Scan files at:	file:///home/gustavo/Documents/lua
[13:49:15.777][info] [#0:script/workspace/workspace.lua:324]: Preload start:	<fallback>
[13:49:15.780][info] [#0:script/workspace/workspace.lua:353]: Scan library at:	file:///home/gustavo/.config/coc/extensions/coc-lua-data/lua-language-server/meta/Lua%205.4%20en-us%20utf8/basic.lua
[13:49:15.780][info] [#0:script/workspace/workspace.lua:353]: Scan library at:	file:///home/gustavo/.config/coc/extensions/coc-lua-data/lua-language-server/meta/Lua%205.4%20en-us%20utf8/os.lua
[13:49:15.780][info] [#0:script/workspace/workspace.lua:353]: Scan library at:	file:///home/gustavo/.config/coc/extensions/coc-lua-data/lua-language-server/meta/Lua%205.4%20en-us%20utf8/io.lua
[13:49:15.780][info] [#0:script/workspace/workspace.lua:353]: Scan library at:	file:///home/gustavo/.config/coc/extensions/coc-lua-data/lua-language-server/meta/Lua%205.4%20en-us%20utf8/package.lua
[13:49:15.781][info] [#0:script/workspace/workspace.lua:353]: Scan library at:	file:///home/gustavo/.config/coc/extensions/coc-lua-data/lua-language-server/meta/Lua%205.4%20en-us%20utf8/debug.lua
[13:49:15.781][info] [#0:script/workspace/workspace.lua:353]: Scan library at:	file:///home/gustavo/.config/coc/extensions/coc-lua-data/lua-language-server/meta/Lua%205.4%20en-us%20utf8/table.lua
[13:49:15.781][info] [#0:script/workspace/workspace.lua:353]: Scan library at:	file:///home/gustavo/.config/coc/extensions/coc-lua-data/lua-language-server/meta/Lua%205.4%20en-us%20utf8/math.lua
[13:49:15.781][info] [#0:script/workspace/workspace.lua:353]: Scan library at:	file:///home/gustavo/.config/coc/extensions/coc-lua-data/lua-language-server/meta/Lua%205.4%20en-us%20utf8/string.lua
[13:49:15.781][info] [#0:script/workspace/workspace.lua:353]: Scan library at:	file:///home/gustavo/.config/coc/extensions/coc-lua-data/lua-language-server/meta/Lua%205.4%20en-us%20utf8/coroutine.lua
[13:49:15.781][info] [#0:script/workspace/workspace.lua:353]: Scan library at:	file:///home/gustavo/.config/coc/extensions/coc-lua-data/lua-language-server/meta/Lua%205.4%20en-us%20utf8/builtin.lua
[13:49:15.781][info] [#0:script/workspace/workspace.lua:353]: Scan library at:	file:///home/gustavo/.config/coc/extensions/coc-lua-data/lua-language-server/meta/Lua%205.4%20en-us%20utf8/utf8.lua
[13:49:15.782][info] [#0:script/workspace/workspace.lua:353]: Scan library at:	file:///home/gustavo/.config/coc/extensions/coc-lua-data/lua-language-server/meta/Lua%205.4%20en-us%20utf8/basic.lua
[13:49:15.782][info] [#0:script/workspace/workspace.lua:353]: Scan library at:	file:///home/gustavo/.config/coc/extensions/coc-lua-data/lua-language-server/meta/Lua%205.4%20en-us%20utf8/os.lua
[13:49:15.782][info] [#0:script/workspace/workspace.lua:353]: Scan library at:	file:///home/gustavo/.config/coc/extensions/coc-lua-data/lua-language-server/meta/Lua%205.4%20en-us%20utf8/io.lua
[13:49:15.782][info] [#0:script/workspace/workspace.lua:353]: Scan library at:	file:///home/gustavo/.config/coc/extensions/coc-lua-data/lua-language-server/meta/Lua%205.4%20en-us%20utf8/package.lua
[13:49:15.782][info] [#0:script/workspace/workspace.lua:353]: Scan library at:	file:///home/gustavo/.config/coc/extensions/coc-lua-data/lua-language-server/meta/Lua%205.4%20en-us%20utf8/debug.lua
[13:49:15.782][info] [#0:script/workspace/workspace.lua:353]: Scan library at:	file:///home/gustavo/.config/coc/extensions/coc-lua-data/lua-language-server/meta/Lua%205.4%20en-us%20utf8/table.lua
[13:49:15.783][info] [#0:script/workspace/workspace.lua:353]: Scan library at:	file:///home/gustavo/.config/coc/extensions/coc-lua-data/lua-language-server/meta/Lua%205.4%20en-us%20utf8/math.lua
[13:49:15.783][info] [#0:script/workspace/workspace.lua:353]: Scan library at:	file:///home/gustavo/.config/coc/extensions/coc-lua-data/lua-language-server/meta/Lua%205.4%20en-us%20utf8/string.lua
[13:49:15.783][info] [#0:script/workspace/workspace.lua:353]: Scan library at:	file:///home/gustavo/.config/coc/extensions/coc-lua-data/lua-language-server/meta/Lua%205.4%20en-us%20utf8/coroutine.lua
[13:49:15.783][info] [#0:script/workspace/workspace.lua:353]: Scan library at:	file:///home/gustavo/.config/coc/extensions/coc-lua-data/lua-language-server/meta/Lua%205.4%20en-us%20utf8/builtin.lua
[13:49:15.784][info] [#0:script/workspace/workspace.lua:353]: Scan library at:	file:///home/gustavo/.config/coc/extensions/coc-lua-data/lua-language-server/meta/Lua%205.4%20en-us%20utf8/utf8.lua
[13:49:15.885][info] [#0:script/workspace/workspace.lua:379]: Found 11 files at:	<fallback>
[13:49:15.885][info] [#0:script/workspace/loading.lua:161]: Load files from disk:	<fallback>
[13:49:15.885][info] [#0:script/workspace/workspace.lua:379]: Found 20 files at:	file:///home/gustavo/Documents/lua
[13:49:15.885][info] [#0:script/workspace/loading.lua:161]: Load files from disk:	file:///home/gustavo/Documents/lua
[13:49:15.887][info] [#0:script/workspace/loading.lua:89]: Skip loaded file: file:///home/gustavo/Documents/lua/game/map.lua
[13:49:15.988][info] [#0:script/workspace/loading.lua:101]: Preload file at: file:///home/gustavo/.config/coc/extensions/coc-lua-data/lua-language-server/meta/Lua%205.4%20en-us%20utf8/utf8.lua , size = 2.386 KB
[13:49:16.005][info] [#0:script/workspace/loading.lua:113]: ++++As library of:	file:///home/gustavo/.config/coc/extensions/coc-lua-data/lua-language-server/meta/Lua%205.4%20en-us%20utf8/utf8.lua
[13:49:16.006][info] [#0:script/workspace/loading.lua:101]: Preload file at: file:///home/gustavo/.config/coc/extensions/coc-lua-data/lua-language-server/meta/Lua%205.4%20en-us%20utf8/builtin.lua , size = 0.302 KB
[13:49:16.011][info] [#0:script/workspace/loading.lua:113]: ++++As library of:	file:///home/gustavo/.config/coc/extensions/coc-lua-data/lua-language-server/meta/Lua%205.4%20en-us%20utf8/builtin.lua
[13:49:16.011][info] [#0:script/workspace/loading.lua:98]: Skip loaded file: file:///home/gustavo/.config/coc/extensions/coc-lua-data/lua-language-server/meta/Lua%205.4%20en-us%20utf8/builtin.lua
[13:49:16.011][info] [#0:script/workspace/loading.lua:101]: Preload file at: file:///home/gustavo/.config/coc/extensions/coc-lua-data/lua-language-server/meta/Lua%205.4%20en-us%20utf8/coroutine.lua , size = 2.590 KB
[13:49:16.023][info] [#0:script/workspace/loading.lua:113]: ++++As library of:	file:///home/gustavo/.config/coc/extensions/coc-lua-data/lua-language-server/meta/Lua%205.4%20en-us%20utf8/coroutine.lua
[13:49:16.023][info] [#0:script/workspace/loading.lua:98]: Skip loaded file: file:///home/gustavo/.config/coc/extensions/coc-lua-data/lua-language-server/meta/Lua%205.4%20en-us%20utf8/coroutine.lua
[13:49:16.023][info] [#0:script/workspace/loading.lua:101]: Preload file at: file:///home/gustavo/.config/coc/extensions/coc-lua-data/lua-language-server/meta/Lua%205.4%20en-us%20utf8/string.lua , size = 6.341 KB
[13:49:16.040][info] [#0:script/workspace/loading.lua:113]: ++++As library of:	file:///home/gustavo/.config/coc/extensions/coc-lua-data/lua-language-server/meta/Lua%205.4%20en-us%20utf8/string.lua
[13:49:16.040][info] [#0:script/workspace/loading.lua:98]: Skip loaded file: file:///home/gustavo/.config/coc/extensions/coc-lua-data/lua-language-server/meta/Lua%205.4%20en-us%20utf8/string.lua
[13:49:16.040][info] [#0:script/workspace/loading.lua:101]: Preload file at: file:///home/gustavo/.config/coc/extensions/coc-lua-data/lua-language-server/meta/Lua%205.4%20en-us%20utf8/math.lua , size = 8.509 KB
[13:49:16.053][info] [#0:script/workspace/loading.lua:113]: ++++As library of:	file:///home/gustavo/.config/coc/extensions/coc-lua-data/lua-language-server/meta/Lua%205.4%20en-us%20utf8/math.lua
[13:49:16.053][info] [#0:script/workspace/loading.lua:98]: Skip loaded file: file:///home/gustavo/.config/coc/extensions/coc-lua-data/lua-language-server/meta/Lua%205.4%20en-us%20utf8/math.lua
[13:49:16.053][info] [#0:script/workspace/loading.lua:98]: Skip loaded file: file:///home/gustavo/.config/coc/extensions/coc-lua-data/lua-language-server/meta/Lua%205.4%20en-us%20utf8/utf8.lua
[13:49:16.053][info] [#0:script/workspace/loading.lua:101]: Preload file at: file:///home/gustavo/.config/coc/extensions/coc-lua-data/lua-language-server/meta/Lua%205.4%20en-us%20utf8/table.lua , size = 4.230 KB
[13:49:16.066][info] [#0:script/workspace/loading.lua:113]: ++++As library of:	file:///home/gustavo/.config/coc/extensions/coc-lua-data/lua-language-server/meta/Lua%205.4%20en-us%20utf8/table.lua
[13:49:16.066][info] [#0:script/workspace/loading.lua:98]: Skip loaded file: file:///home/gustavo/.config/coc/extensions/coc-lua-data/lua-language-server/meta/Lua%205.4%20en-us%20utf8/table.lua
[13:49:16.066][info] [#0:script/workspace/loading.lua:101]: Preload file at: file:///home/gustavo/.config/coc/extensions/coc-lua-data/lua-language-server/meta/Lua%205.4%20en-us%20utf8/debug.lua , size = 7.637 KB
[13:49:16.073][info] [#0:script/workspace/loading.lua:113]: ++++As library of:	file:///home/gustavo/.config/coc/extensions/coc-lua-data/lua-language-server/meta/Lua%205.4%20en-us%20utf8/debug.lua
[13:49:16.073][info] [#0:script/workspace/loading.lua:101]: Preload file at: file:///home/gustavo/.config/coc/extensions/coc-lua-data/lua-language-server/meta/Lua%205.4%20en-us%20utf8/package.lua , size = 2.944 KB
[13:49:16.075][info] [#0:script/workspace/loading.lua:113]: ++++As library of:	file:///home/gustavo/.config/coc/extensions/coc-lua-data/lua-language-server/meta/Lua%205.4%20en-us%20utf8/package.lua
[13:49:16.076][info] [#0:script/workspace/loading.lua:98]: Skip loaded file: file:///home/gustavo/.config/coc/extensions/coc-lua-data/lua-language-server/meta/Lua%205.4%20en-us%20utf8/debug.lua
[13:49:16.076][info] [#0:script/workspace/loading.lua:98]: Skip loaded file: file:///home/gustavo/.config/coc/extensions/coc-lua-data/lua-language-server/meta/Lua%205.4%20en-us%20utf8/package.lua
[13:49:16.076][info] [#0:script/workspace/loading.lua:101]: Preload file at: file:///home/gustavo/.config/coc/extensions/coc-lua-data/lua-language-server/meta/Lua%205.4%20en-us%20utf8/io.lua , size = 6.364 KB
[13:49:16.081][info] [#0:script/workspace/loading.lua:113]: ++++As library of:	file:///home/gustavo/.config/coc/extensions/coc-lua-data/lua-language-server/meta/Lua%205.4%20en-us%20utf8/io.lua
[13:49:16.081][info] [#0:script/workspace/loading.lua:98]: Skip loaded file: file:///home/gustavo/.config/coc/extensions/coc-lua-data/lua-language-server/meta/Lua%205.4%20en-us%20utf8/io.lua
[13:49:16.081][info] [#0:script/workspace/loading.lua:101]: Preload file at: file:///home/gustavo/.config/coc/extensions/coc-lua-data/lua-language-server/meta/Lua%205.4%20en-us%20utf8/os.lua , size = 5.600 KB
[13:49:16.094][info] [#0:script/workspace/loading.lua:113]: ++++As library of:	file:///home/gustavo/.config/coc/extensions/coc-lua-data/lua-language-server/meta/Lua%205.4%20en-us%20utf8/os.lua
[13:49:16.094][info] [#0:script/workspace/loading.lua:98]: Skip loaded file: file:///home/gustavo/.config/coc/extensions/coc-lua-data/lua-language-server/meta/Lua%205.4%20en-us%20utf8/os.lua
[13:49:16.094][info] [#0:script/workspace/loading.lua:101]: Preload file at: file:///home/gustavo/.config/coc/extensions/coc-lua-data/lua-language-server/meta/Lua%205.4%20en-us%20utf8/basic.lua , size = 15.336 KB
[13:49:16.106][info] [#0:script/workspace/loading.lua:113]: ++++As library of:	file:///home/gustavo/.config/coc/extensions/coc-lua-data/lua-language-server/meta/Lua%205.4%20en-us%20utf8/basic.lua
[13:49:16.106][info] [#0:script/workspace/loading.lua:98]: Skip loaded file: file:///home/gustavo/.config/coc/extensions/coc-lua-data/lua-language-server/meta/Lua%205.4%20en-us%20utf8/basic.lua
[13:49:16.106][info] [#0:script/workspace/loading.lua:101]: Preload file at: file:///home/gustavo/Documents/lua/tiktaktoe.lua , size = 0.089 KB
[13:49:16.106][info] [#0:script/workspace/loading.lua:101]: Preload file at: file:///home/gustavo/Documents/lua/poo/main.lua , size = 0.141 KB
[13:49:16.107][info] [#0:script/workspace/loading.lua:101]: Preload file at: file:///home/gustavo/Documents/lua/hello.lua , size = 0.240 KB
[13:49:16.107][info] [#0:script/workspace/loading.lua:101]: Preload file at: file:///home/gustavo/Documents/lua/poo/lampada.lua , size = 0.256 KB
[13:49:16.108][info] [#0:script/workspace/loading.lua:101]: Preload file at: file:///home/gustavo/Documents/lua/poo/aluno.lua , size = 0.387 KB
[13:49:16.109][info] [#0:script/workspace/loading.lua:101]: Preload file at: file:///home/gustavo/Documents/lua/poo/carro.lua , size = 0.294 KB
[13:49:16.109][info] [#0:script/workspace/loading.lua:101]: Preload file at: file:///home/gustavo/Documents/lua/game/main.lua , size = 0.440 KB
[13:49:16.110][info] [#0:script/workspace/loading.lua:101]: Preload file at: file:///home/gustavo/Documents/lua/game/character.lua , size = 3.070 KB
[13:49:16.213][info] [#0:script/workspace/loading.lua:173]: Loaded files takes [0.134] sec: <fallback>
[13:49:16.213][info] [#0:script/workspace/loading.lua:182]: Compile files takes [0.000] sec: <fallback>
[13:49:16.213][info] [#0:script/workspace/loading.lua:183]: Loaded finish:	<fallback>
[13:49:16.213][info] [#0:script/workspace/workspace.lua:381]: Preload finish at:	<fallback>
[13:49:16.227][info] [#0:script/workspace/loading.lua:173]: Loaded files takes [0.147] sec: file:///home/gustavo/Documents/lua
[13:49:16.227][info] [#0:script/workspace/loading.lua:182]: Compile files takes [0.000] sec: file:///home/gustavo/Documents/lua
[13:49:16.227][info] [#0:script/workspace/loading.lua:183]: Loaded finish:	file:///home/gustavo/Documents/lua
[13:49:16.227][info] [#0:script/workspace/workspace.lua:381]: Preload finish at:	file:///home/gustavo/Documents/lua
[13:49:16.234][warn] [#0:script/proto/proto.lua:138]: Response of [workspace/diagnostic/refresh] error [-32601]: Unhandled method workspace/diagnostic/refresh
[13:49:16.235][info] [#0:script/provider/diagnostic.lua:557]: Diagnostics scope [file:///home/gustavo/Documents/lua], files count:[20]
[13:49:16.236][warn] [#0:script/proto/proto.lua:138]: Response of [workspace/diagnostic/refresh] error [-32601]: Unhandled method workspace/diagnostic/refresh
[13:49:16.330][info] [#0:script/library.lua:546]: Found 3rd library by word: 	()love%.%w+()	file:///home/gustavo/Documents/lua/game/character.lua	${3rd}/love2d/library	{}
[13:49:16.331][info] [#0:script/client.lua:132]: requestMessage	Info	Do you need to configure your work environment as `LÖVE`?
[13:49:16.331][info] [#0:script/library.lua:546]: Found 3rd library by word: 	()love%.%w+()	file:///home/gustavo/Documents/lua/game/main.lua	${3rd}/love2d/library	{}
[13:49:16.354][info] [#0:script/provider/diagnostic.lua:574]: Diagnostics scope [file:///home/gustavo/Documents/lua] finished, takes [0.119] sec.
[13:49:17.412][info] [#0:script/client.lua:138]: responseMessage	Do you need to configure your work environment as `LÖVE`?	Apply and modify settings
[13:49:17.413][info] [#0:script/client.lua:548]: Modify config	{ {
    action = "set",
    key = "Lua.runtime.version",
    uri = "file:///home/gustavo/Documents/lua/game/character.lua",
    value = "LuaJIT"
  }, {
    action = "prop",
    key = "Lua.runtime.special",
    prop = "love.filesystem.load",
    uri = "file:///home/gustavo/Documents/lua/game/character.lua",
    value = "loadfile"
  }, {
    action = "add",
    key = "Lua.workspace.library",
    uri = "file:///home/gustavo/Documents/lua/game/character.lua",
    value = "${3rd}/love2d/library"
  } }
[13:49:17.413][info] [#0:script/client.lua:481]: tryModifyClientGlobal	{ {
    action = "set",
    key = "Lua.runtime.version",
    uri = "file:///home/gustavo/Documents/lua/game/character.lua",
    value = "LuaJIT"
  }, {
    action = "prop",
    key = "Lua.runtime.special",
    prop = "love.filesystem.load",
    uri = "file:///home/gustavo/Documents/lua/game/character.lua",
    value = "loadfile"
  }, {
    action = "add",
    key = "Lua.workspace.library",
    uri = "file:///home/gustavo/Documents/lua/game/character.lua",
    value = "${3rd}/love2d/library"
  } }
[13:49:17.413][info] [#0:script/client.lua:493]: No global changes
[13:49:17.413][info] [#0:script/client.lua:379]: tryModifySpecifiedConfig	file:///home/gustavo/Documents/lua	{ {
    action = "set",
    key = "Lua.runtime.version",
    uri = "file:///home/gustavo/Documents/lua/game/character.lua",
    value = "LuaJIT"
  }, {
    action = "prop",
    key = "Lua.runtime.special",
    prop = "love.filesystem.load",
    uri = "file:///home/gustavo/Documents/lua/game/character.lua",
    value = "loadfile"
  }, {
    action = "add",
    key = "Lua.workspace.library",
    uri = "file:///home/gustavo/Documents/lua/game/character.lua",
    value = "${3rd}/love2d/library"
  } }
[13:49:17.413][info] [#0:script/client.lua:383]: lastLocalType ~= json
[13:49:17.414][info] [#0:script/client.lua:411]: tryModifyRC	file:///home/gustavo/Documents/lua	{ {
    action = "set",
    key = "Lua.runtime.version",
    uri = "file:///home/gustavo/Documents/lua/game/character.lua",
    value = "LuaJIT"
  }, {
    action = "prop",
    key = "Lua.runtime.special",
    prop = "love.filesystem.load",
    uri = "file:///home/gustavo/Documents/lua/game/character.lua",
    value = "loadfile"
  }, {
    action = "add",
    key = "Lua.workspace.library",
    uri = "file:///home/gustavo/Documents/lua/game/character.lua",
    value = "${3rd}/love2d/library"
  } }
[13:49:17.414][info] [#0:script/client.lua:425]: Can not load .luarc.json and not create
[13:49:17.415][info] [#0:script/client.lua:451]: tryModifyClient	file:///home/gustavo/Documents/lua	{ {
    action = "set",
    key = "Lua.runtime.version",
    uri = "file:///home/gustavo/Documents/lua/game/character.lua",
    value = "LuaJIT"
  }, {
    action = "prop",
    key = "Lua.runtime.special",
    prop = "love.filesystem.load",
    uri = "file:///home/gustavo/Documents/lua/game/character.lua",
    value = "loadfile"
  }, {
    action = "add",
    key = "Lua.workspace.library",
    uri = "file:///home/gustavo/Documents/lua/game/character.lua",
    value = "${3rd}/love2d/library"
  } }
[13:49:17.417][info] [#0:script/client.lua:471]: Apply client changes	file:///home/gustavo/Documents/lua	{ {
    action = "set",
    key = "Lua.runtime.version",
    uri = "file:///home/gustavo/Documents/lua/game/character.lua",
    value = "LuaJIT"
  }, {
    action = "prop",
    key = "Lua.runtime.special",
    prop = "love.filesystem.load",
    uri = "file:///home/gustavo/Documents/lua/game/character.lua",
    value = "loadfile"
  }, {
    action = "add",
    key = "Lua.workspace.library",
    uri = "file:///home/gustavo/Documents/lua/game/character.lua",
    value = "${3rd}/love2d/library"
  } }
[13:49:17.527][info] [#0:script/library.lua:212]: Init builtin library at:	file:///home/gustavo/Documents/lua/game/character.lua
[13:49:17.609][info] [#0:script/library.lua:212]: Init builtin library at:	file:///home/gustavo/Documents/lua/game/character.lua
[13:49:17.653][info] [#0:script/library.lua:212]: Init builtin library at:	file:///home/gustavo/Documents/lua/game/character.lua
[13:49:17.791][info] [#0:script/provider/diagnostic.lua:171]: clearDiagnostics	file:///home/gustavo/Documents/lua/game/main.lua
[13:49:17.791][info] [#0:script/provider/diagnostic.lua:171]: clearDiagnostics	file:///home/gustavo/Documents/lua/poo/main.lua
[13:49:17.791][info] [#0:script/provider/diagnostic.lua:171]: clearDiagnostics	file:///home/gustavo/Documents/lua/game/character.lua
[13:49:17.791][info] [#0:script/provider/diagnostic.lua:171]: clearDiagnostics	file:///home/gustavo/Documents/lua/tiktaktoe.lua
[13:49:17.792][info] [#0:script/provider/diagnostic.lua:171]: clearDiagnostics	file:///home/gustavo/Documents/lua/poo/carro.lua
[13:49:17.792][info] [#0:script/provider/diagnostic.lua:171]: clearDiagnostics	file:///home/gustavo/Documents/lua/hello.lua
[13:49:17.793][info] [#0:script/provider/diagnostic.lua:171]: clearDiagnostics	file:///home/gustavo/Documents/lua/poo/lampada.lua
[13:49:17.793][info] [#0:script/library.lua:212]: Init builtin library at:	file:///home/gustavo/Documents/lua
[13:49:17.829][info] [#0:script/plugin.lua:86]: plugin path:	/home/gustavo/Documents/lua
[13:49:17.829][warn] [#0:script/plugin.lua:101]: plugin not found:	/home/gustavo/Documents/lua
[13:49:17.942][info] [#0:script/workspace/workspace.lua:324]: Preload start:	file:///home/gustavo/Documents/lua
[13:49:17.963][info] [#0:script/workspace/workspace.lua:330]: Scan files at:	file:///home/gustavo/Documents/lua
[13:49:17.977][info] [#0:script/workspace/workspace.lua:353]: Scan library at:	file:///home/gustavo/.config/coc/extensions/coc-lua-data/lua-language-server/meta/LuaJIT%20en-us%20utf8/package.lua
[13:49:17.978][info] [#0:script/workspace/workspace.lua:353]: Scan library at:	file:///home/gustavo/.config/coc/extensions/coc-lua-data/lua-language-server/meta/LuaJIT%20en-us%20utf8/os.lua
[13:49:17.978][info] [#0:script/workspace/workspace.lua:353]: Scan library at:	file:///home/gustavo/.config/coc/extensions/coc-lua-data/lua-language-server/meta/LuaJIT%20en-us%20utf8/table/clear.lua
[13:49:17.978][info] [#0:script/workspace/workspace.lua:353]: Scan library at:	file:///home/gustavo/.config/coc/extensions/coc-lua-data/lua-language-server/meta/LuaJIT%20en-us%20utf8/builtin.lua
[13:49:17.979][info] [#0:script/workspace/workspace.lua:353]: Scan library at:	file:///home/gustavo/.config/coc/extensions/coc-lua-data/lua-language-server/meta/LuaJIT%20en-us%20utf8/io.lua
[13:49:17.979][info] [#0:script/workspace/workspace.lua:353]: Scan library at:	file:///home/gustavo/.config/coc/extensions/coc-lua-data/lua-language-server/meta/LuaJIT%20en-us%20utf8/debug.lua
[13:49:17.980][info] [#0:script/workspace/workspace.lua:353]: Scan library at:	file:///home/gustavo/.config/coc/extensions/coc-lua-data/lua-language-server/meta/LuaJIT%20en-us%20utf8/math.lua
[13:49:17.980][info] [#0:script/workspace/workspace.lua:353]: Scan library at:	file:///home/gustavo/.config/coc/extensions/coc-lua-data/lua-language-server/meta/LuaJIT%20en-us%20utf8/bit.lua
[13:49:17.981][info] [#0:script/workspace/workspace.lua:353]: Scan library at:	file:///home/gustavo/.config/coc/extensions/coc-lua-data/lua-language-server/meta/LuaJIT%20en-us%20utf8/string/buffer.lua
[13:49:17.982][info] [#0:script/workspace/workspace.lua:353]: Scan library at:	file:///home/gustavo/.config/coc/extensions/coc-lua-data/lua-language-server/meta/3rd/love2d/library
[13:49:17.992][info] [#0:script/workspace/workspace.lua:353]: Scan library at:	file:///home/gustavo/.config/coc/extensions/coc-lua-data/lua-language-server/meta/LuaJIT%20en-us%20utf8/jit/profile.lua
[13:49:17.993][info] [#0:script/workspace/workspace.lua:353]: Scan library at:	file:///home/gustavo/.config/coc/extensions/coc-lua-data/lua-language-server/meta/LuaJIT%20en-us%20utf8/string.lua
[13:49:17.993][info] [#0:script/workspace/workspace.lua:353]: Scan library at:	file:///home/gustavo/.config/coc/extensions/coc-lua-data/lua-language-server/meta/LuaJIT%20en-us%20utf8/table/new.lua
[13:49:17.994][info] [#0:script/workspace/workspace.lua:353]: Scan library at:	file:///home/gustavo/.config/coc/extensions/coc-lua-data/lua-language-server/meta/LuaJIT%20en-us%20utf8/ffi.lua
[13:49:17.996][info] [#0:script/workspace/workspace.lua:353]: Scan library at:	file:///home/gustavo/.config/coc/extensions/coc-lua-data/lua-language-server/meta/LuaJIT%20en-us%20utf8/basic.lua
[13:49:17.997][info] [#0:script/workspace/workspace.lua:353]: Scan library at:	file:///home/gustavo/.config/coc/extensions/coc-lua-data/lua-language-server/meta/LuaJIT%20en-us%20utf8/table.lua
[13:49:17.998][info] [#0:script/workspace/workspace.lua:353]: Scan library at:	file:///home/gustavo/.config/coc/extensions/coc-lua-data/lua-language-server/meta/LuaJIT%20en-us%20utf8/coroutine.lua
[13:49:18.000][info] [#0:script/workspace/workspace.lua:353]: Scan library at:	file:///home/gustavo/.config/coc/extensions/coc-lua-data/lua-language-server/meta/LuaJIT%20en-us%20utf8/jit.lua
[13:49:18.002][info] [#0:script/workspace/workspace.lua:353]: Scan library at:	file:///home/gustavo/.config/coc/extensions/coc-lua-data/lua-language-server/meta/LuaJIT%20en-us%20utf8/jit/util.lua
[13:49:18.103][info] [#0:script/workspace/workspace.lua:379]: Found 47 files at:	file:///home/gustavo/Documents/lua
[13:49:18.103][info] [#0:script/workspace/loading.lua:161]: Load files from disk:	file:///home/gustavo/Documents/lua
[13:49:18.104][info] [#0:script/workspace/loading.lua:101]: Preload file at: file:///home/gustavo/.config/coc/extensions/coc-lua-data/lua-language-server/meta/LuaJIT%20en-us%20utf8/jit/util.lua , size = 1.984 KB
[13:49:18.117][info] [#0:script/workspace/loading.lua:113]: ++++As library of:	file:///home/gustavo/.config/coc/extensions/coc-lua-data/lua-language-server/meta/LuaJIT%20en-us%20utf8/jit/util.lua
[13:49:18.118][info] [#0:script/workspace/loading.lua:101]: Preload file at: file:///home/gustavo/.config/coc/extensions/coc-lua-data/lua-language-server/meta/LuaJIT%20en-us%20utf8/jit.lua , size = 0.884 KB
[13:49:18.127][info] [#0:script/workspace/loading.lua:113]: ++++As library of:	file:///home/gustavo/.config/coc/extensions/coc-lua-data/lua-language-server/meta/LuaJIT%20en-us%20utf8/jit.lua
[13:49:18.128][info] [#0:script/workspace/loading.lua:101]: Preload file at: file:///home/gustavo/.config/coc/extensions/coc-lua-data/lua-language-server/meta/LuaJIT%20en-us%20utf8/coroutine.lua , size = 2.541 KB
[13:49:18.146][info] [#0:script/workspace/loading.lua:113]: ++++As library of:	file:///home/gustavo/.config/coc/extensions/coc-lua-data/lua-language-server/meta/LuaJIT%20en-us%20utf8/coroutine.lua
[13:49:18.146][info] [#0:script/workspace/loading.lua:101]: Preload file at: file:///home/gustavo/.config/coc/extensions/coc-lua-data/lua-language-server/meta/LuaJIT%20en-us%20utf8/table.lua , size = 4.230 KB
[13:49:18.181][info] [#0:script/workspace/loading.lua:113]: ++++As library of:	file:///home/gustavo/.config/coc/extensions/coc-lua-data/lua-language-server/meta/LuaJIT%20en-us%20utf8/table.lua
[13:49:18.181][info] [#0:script/workspace/loading.lua:101]: Preload file at: file:///home/gustavo/.config/coc/extensions/coc-lua-data/lua-language-server/meta/LuaJIT%20en-us%20utf8/basic.lua , size = 14.989 KB
[13:49:18.203][info] [#0:script/workspace/loading.lua:113]: ++++As library of:	file:///home/gustavo/.config/coc/extensions/coc-lua-data/lua-language-server/meta/LuaJIT%20en-us%20utf8/basic.lua
[13:49:18.203][info] [#0:script/workspace/loading.lua:101]: Preload file at: file:///home/gustavo/.config/coc/extensions/coc-lua-data/lua-language-server/meta/LuaJIT%20en-us%20utf8/ffi.lua , size = 2.529 KB
[13:49:18.208][info] [#0:script/workspace/loading.lua:113]: ++++As library of:	file:///home/gustavo/.config/coc/extensions/coc-lua-data/lua-language-server/meta/LuaJIT%20en-us%20utf8/ffi.lua
[13:49:18.208][info] [#0:script/workspace/loading.lua:101]: Preload file at: file:///home/gustavo/.config/coc/extensions/coc-lua-data/lua-language-server/meta/LuaJIT%20en-us%20utf8/table/new.lua , size = 0.642 KB
[13:49:18.210][info] [#0:script/workspace/loading.lua:113]: ++++As library of:	file:///home/gustavo/.config/coc/extensions/coc-lua-data/lua-language-server/meta/LuaJIT%20en-us%20utf8/table/new.lua
[13:49:18.210][info] [#0:script/workspace/loading.lua:101]: Preload file at: file:///home/gustavo/.config/coc/extensions/coc-lua-data/lua-language-server/meta/LuaJIT%20en-us%20utf8/string.lua , size = 6.323 KB
[13:49:18.230][info] [#0:script/workspace/loading.lua:113]: ++++As library of:	file:///home/gustavo/.config/coc/extensions/coc-lua-data/lua-language-server/meta/LuaJIT%20en-us%20utf8/string.lua
[13:49:18.230][info] [#0:script/workspace/loading.lua:101]: Preload file at: file:///home/gustavo/.config/coc/extensions/coc-lua-data/lua-language-server/meta/LuaJIT%20en-us%20utf8/jit/profile.lua , size = 0.348 KB
[13:49:18.230][info] [#0:script/workspace/loading.lua:113]: ++++As library of:	file:///home/gustavo/.config/coc/extensions/coc-lua-data/lua-language-server/meta/LuaJIT%20en-us%20utf8/jit/profile.lua
[13:49:18.230][info] [#0:script/workspace/loading.lua:101]: Preload file at: file:///home/gustavo/.config/coc/extensions/coc-lua-data/lua-language-server/meta/3rd/love2d/library/love/timer.lua , size = 1.727 KB
[13:49:18.233][info] [#0:script/workspace/loading.lua:113]: ++++As library of:	file:///home/gustavo/.config/coc/extensions/coc-lua-data/lua-language-server/meta/3rd/love2d/library
[13:49:18.233][info] [#0:script/workspace/loading.lua:101]: Preload file at: file:///home/gustavo/.config/coc/extensions/coc-lua-data/lua-language-server/meta/3rd/love2d/library/love.lua , size = 10.825 KB
[13:49:18.240][info] [#0:script/workspace/loading.lua:113]: ++++As library of:	file:///home/gustavo/.config/coc/extensions/coc-lua-data/lua-language-server/meta/3rd/love2d/library
[13:49:18.240][info] [#0:script/workspace/loading.lua:101]: Preload file at: file:///home/gustavo/.config/coc/extensions/coc-lua-data/lua-language-server/meta/3rd/love2d/library/love/font.lua , size = 7.587 KB
[13:49:18.245][info] [#0:script/workspace/loading.lua:113]: ++++As library of:	file:///home/gustavo/.config/coc/extensions/coc-lua-data/lua-language-server/meta/3rd/love2d/library
[13:49:18.245][info] [#0:script/workspace/loading.lua:101]: Preload file at: file:///home/gustavo/.config/coc/extensions/coc-lua-data/lua-language-server/meta/3rd/love2d/library/love/data.lua , size = 9.649 KB
[13:49:18.261][info] [#0:script/workspace/loading.lua:113]: ++++As library of:	file:///home/gustavo/.config/coc/extensions/coc-lua-data/lua-language-server/meta/3rd/love2d/library
[13:49:18.261][info] [#0:script/workspace/loading.lua:101]: Preload file at: file:///home/gustavo/.config/coc/extensions/coc-lua-data/lua-language-server/meta/3rd/love2d/library/love/touch.lua , size = 1.456 KB
[13:49:18.262][info] [#0:script/workspace/loading.lua:113]: ++++As library of:	file:///home/gustavo/.config/coc/extensions/coc-lua-data/lua-language-server/meta/3rd/love2d/library
[13:49:18.262][info] [#0:script/workspace/loading.lua:101]: Preload file at: file:///home/gustavo/.config/coc/extensions/coc-lua-data/lua-language-server/meta/3rd/love2d/library/love/math.lua , size = 31.028 KB
[13:49:18.280][info] [#0:script/workspace/loading.lua:113]: ++++As library of:	file:///home/gustavo/.config/coc/extensions/coc-lua-data/lua-language-server/meta/3rd/love2d/library
[13:49:18.280][info] [#0:script/workspace/loading.lua:101]: Preload file at: file:///home/gustavo/.config/coc/extensions/coc-lua-data/lua-language-server/meta/3rd/love2d/library/love/system.lua , size = 3.604 KB
[13:49:18.283][info] [#0:script/workspace/loading.lua:113]: ++++As library of:	file:///home/gustavo/.config/coc/extensions/coc-lua-data/lua-language-server/meta/3rd/love2d/library
[13:49:18.283][info] [#0:script/workspace/loading.lua:101]: Preload file at: file:///home/gustavo/.config/coc/extensions/coc-lua-data/lua-language-server/meta/3rd/love2d/library/love/keyboard.lua , size = 22.717 KB
[13:49:18.307][info] [#0:script/workspace/loading.lua:113]: ++++As library of:	file:///home/gustavo/.config/coc/extensions/coc-lua-data/lua-language-server/meta/3rd/love2d/library
[13:49:18.307][info] [#0:script/workspace/loading.lua:101]: Preload file at: file:///home/gustavo/.config/coc/extensions/coc-lua-data/lua-language-server/meta/3rd/love2d/library/love/event.lua , size = 4.563 KB
[13:49:18.310][info] [#0:script/workspace/loading.lua:113]: ++++As library of:	file:///home/gustavo/.config/coc/extensions/coc-lua-data/lua-language-server/meta/3rd/love2d/library
[13:49:18.310][info] [#0:script/workspace/loading.lua:101]: Preload file at: file:///home/gustavo/.config/coc/extensions/coc-lua-data/lua-language-server/meta/3rd/love2d/library/love/sound.lua , size = 5.808 KB
[13:49:18.314][info] [#0:script/workspace/loading.lua:113]: ++++As library of:	file:///home/gustavo/.config/coc/extensions/coc-lua-data/lua-language-server/meta/3rd/love2d/library
[13:49:18.314][info] [#0:script/workspace/loading.lua:101]: Preload file at: file:///home/gustavo/.config/coc/extensions/coc-lua-data/lua-language-server/meta/3rd/love2d/library/love/physics.lua , size = 109.736 KB
[13:49:18.421][info] [#0:script/workspace/loading.lua:113]: ++++As library of:	file:///home/gustavo/.config/coc/extensions/coc-lua-data/lua-language-server/meta/3rd/love2d/library
[13:49:18.421][info] [#0:script/workspace/loading.lua:101]: Preload file at: file:///home/gustavo/.config/coc/extensions/coc-lua-data/lua-language-server/meta/3rd/love2d/library/love/filesystem.lua , size = 22.718 KB
[13:49:18.435][info] [#0:script/workspace/loading.lua:113]: ++++As library of:	file:///home/gustavo/.config/coc/extensions/coc-lua-data/lua-language-server/meta/3rd/love2d/library
[13:49:18.435][info] [#0:script/workspace/loading.lua:101]: Preload file at: file:///home/gustavo/.config/coc/extensions/coc-lua-data/lua-language-server/meta/3rd/love2d/library/love/mouse.lua , size = 8.759 KB
[13:49:18.440][info] [#0:script/workspace/loading.lua:113]: ++++As library of:	file:///home/gustavo/.config/coc/extensions/coc-lua-data/lua-language-server/meta/3rd/love2d/library
[13:49:18.440][info] [#0:script/workspace/loading.lua:101]: Preload file at: file:///home/gustavo/.config/coc/extensions/coc-lua-data/lua-language-server/meta/3rd/love2d/library/love/audio.lua , size = 33.680 KB
[13:49:18.460][info] [#0:script/workspace/loading.lua:113]: ++++As library of:	file:///home/gustavo/.config/coc/extensions/coc-lua-data/lua-language-server/meta/3rd/love2d/library
[13:49:18.460][info] [#0:script/workspace/loading.lua:101]: Preload file at: file:///home/gustavo/.config/coc/extensions/coc-lua-data/lua-language-server/meta/3rd/love2d/library/love/window.lua , size = 17.922 KB
[13:49:18.490][info] [#0:script/workspace/loading.lua:113]: ++++As library of:	file:///home/gustavo/.config/coc/extensions/coc-lua-data/lua-language-server/meta/3rd/love2d/library
[13:49:18.490][info] [#0:script/workspace/loading.lua:101]: Preload file at: file:///home/gustavo/.config/coc/extensions/coc-lua-data/lua-language-server/meta/3rd/love2d/library/love/thread.lua , size = 7.104 KB
[13:49:18.494][info] [#0:script/workspace/loading.lua:113]: ++++As library of:	file:///home/gustavo/.config/coc/extensions/coc-lua-data/lua-language-server/meta/3rd/love2d/library
[13:49:18.494][info] [#0:script/workspace/loading.lua:101]: Preload file at: file:///home/gustavo/.config/coc/extensions/coc-lua-data/lua-language-server/meta/3rd/love2d/library/love/video.lua , size = 2.342 KB
[13:49:18.496][info] [#0:script/workspace/loading.lua:113]: ++++As library of:	file:///home/gustavo/.config/coc/extensions/coc-lua-data/lua-language-server/meta/3rd/love2d/library
[13:49:18.496][info] [#0:script/workspace/loading.lua:101]: Preload file at: file:///home/gustavo/.config/coc/extensions/coc-lua-data/lua-language-server/meta/3rd/love2d/library/love/image.lua , size = 21.299 KB
[13:49:18.507][info] [#0:script/workspace/loading.lua:113]: ++++As library of:	file:///home/gustavo/.config/coc/extensions/coc-lua-data/lua-language-server/meta/3rd/love2d/library
[13:49:18.508][info] [#0:script/workspace/loading.lua:101]: Preload file at: file:///home/gustavo/.config/coc/extensions/coc-lua-data/lua-language-server/meta/3rd/love2d/library/love/joystick.lua , size = 14.190 KB
[13:49:18.517][info] [#0:script/workspace/loading.lua:113]: ++++As library of:	file:///home/gustavo/.config/coc/extensions/coc-lua-data/lua-language-server/meta/3rd/love2d/library
[13:49:18.517][info] [#0:script/workspace/loading.lua:101]: Preload file at: file:///home/gustavo/.config/coc/extensions/coc-lua-data/lua-language-server/meta/LuaJIT%20en-us%20utf8/string/buffer.lua , size = 18.123 KB
[13:49:18.522][info] [#0:script/workspace/loading.lua:113]: ++++As library of:	file:///home/gustavo/.config/coc/extensions/coc-lua-data/lua-language-server/meta/LuaJIT%20en-us%20utf8/string/buffer.lua
[13:49:18.522][info] [#0:script/workspace/loading.lua:101]: Preload file at: file:///home/gustavo/.config/coc/extensions/coc-lua-data/lua-language-server/meta/LuaJIT%20en-us%20utf8/bit.lua , size = 1.320 KB
[13:49:18.524][info] [#0:script/workspace/loading.lua:113]: ++++As library of:	file:///home/gustavo/.config/coc/extensions/coc-lua-data/lua-language-server/meta/LuaJIT%20en-us%20utf8/bit.lua
[13:49:18.524][info] [#0:script/workspace/loading.lua:101]: Preload file at: file:///home/gustavo/.config/coc/extensions/coc-lua-data/lua-language-server/meta/3rd/love2d/library/love/graphics.lua , size = 158.601 KB
[13:49:18.655][info] [#0:script/workspace/loading.lua:113]: ++++As library of:	file:///home/gustavo/.config/coc/extensions/coc-lua-data/lua-language-server/meta/3rd/love2d/library
[13:49:18.673][info] [#0:script/workspace/loading.lua:101]: Preload file at: file:///home/gustavo/.config/coc/extensions/coc-lua-data/lua-language-server/meta/LuaJIT%20en-us%20utf8/math.lua , size = 7.949 KB
[13:49:18.683][info] [#0:script/workspace/loading.lua:113]: ++++As library of:	file:///home/gustavo/.config/coc/extensions/coc-lua-data/lua-language-server/meta/LuaJIT%20en-us%20utf8/math.lua
[13:49:18.683][info] [#0:script/workspace/loading.lua:101]: Preload file at: file:///home/gustavo/.config/coc/extensions/coc-lua-data/lua-language-server/meta/LuaJIT%20en-us%20utf8/debug.lua , size = 7.310 KB
[13:49:18.693][info] [#0:script/workspace/loading.lua:113]: ++++As library of:	file:///home/gustavo/.config/coc/extensions/coc-lua-data/lua-language-server/meta/LuaJIT%20en-us%20utf8/debug.lua
[13:49:18.693][info] [#0:script/workspace/loading.lua:101]: Preload file at: file:///home/gustavo/.config/coc/extensions/coc-lua-data/lua-language-server/meta/LuaJIT%20en-us%20utf8/builtin.lua , size = 0.302 KB
[13:49:18.694][info] [#0:script/workspace/loading.lua:113]: ++++As library of:	file:///home/gustavo/.config/coc/extensions/coc-lua-data/lua-language-server/meta/LuaJIT%20en-us%20utf8/builtin.lua
[13:49:18.694][info] [#0:script/workspace/loading.lua:101]: Preload file at: file:///home/gustavo/.config/coc/extensions/coc-lua-data/lua-language-server/meta/LuaJIT%20en-us%20utf8/io.lua , size = 6.364 KB
[13:49:18.703][info] [#0:script/workspace/loading.lua:113]: ++++As library of:	file:///home/gustavo/.config/coc/extensions/coc-lua-data/lua-language-server/meta/LuaJIT%20en-us%20utf8/io.lua
[13:49:18.703][info] [#0:script/workspace/loading.lua:101]: Preload file at: file:///home/gustavo/.config/coc/extensions/coc-lua-data/lua-language-server/meta/LuaJIT%20en-us%20utf8/table/clear.lua , size = 0.797 KB
[13:49:18.704][info] [#0:script/workspace/loading.lua:113]: ++++As library of:	file:///home/gustavo/.config/coc/extensions/coc-lua-data/lua-language-server/meta/LuaJIT%20en-us%20utf8/table/clear.lua
[13:49:18.704][info] [#0:script/workspace/loading.lua:101]: Preload file at: file:///home/gustavo/.config/coc/extensions/coc-lua-data/lua-language-server/meta/LuaJIT%20en-us%20utf8/os.lua , size = 5.600 KB
[13:49:18.709][info] [#0:script/workspace/loading.lua:113]: ++++As library of:	file:///home/gustavo/.config/coc/extensions/coc-lua-data/lua-language-server/meta/LuaJIT%20en-us%20utf8/os.lua
[13:49:18.709][info] [#0:script/workspace/loading.lua:101]: Preload file at: file:///home/gustavo/.config/coc/extensions/coc-lua-data/lua-language-server/meta/LuaJIT%20en-us%20utf8/package.lua , size = 2.699 KB
[13:49:18.711][info] [#0:script/workspace/loading.lua:113]: ++++As library of:	file:///home/gustavo/.config/coc/extensions/coc-lua-data/lua-language-server/meta/LuaJIT%20en-us%20utf8/package.lua
[13:49:18.711][info] [#0:script/workspace/loading.lua:89]: Skip loaded file: file:///home/gustavo/Documents/lua/game/map.lua
[13:49:18.711][info] [#0:script/workspace/loading.lua:101]: Preload file at: file:///home/gustavo/Documents/lua/tiktaktoe.lua , size = 0.089 KB
[13:49:18.711][info] [#0:script/workspace/loading.lua:101]: Preload file at: file:///home/gustavo/Documents/lua/hello.lua , size = 0.240 KB
[13:49:18.712][info] [#0:script/workspace/loading.lua:101]: Preload file at: file:///home/gustavo/Documents/lua/poo/main.lua , size = 0.141 KB
[13:49:18.712][info] [#0:script/workspace/loading.lua:101]: Preload file at: file:///home/gustavo/Documents/lua/poo/lampada.lua , size = 0.256 KB
[13:49:18.713][info] [#0:script/workspace/loading.lua:101]: Preload file at: file:///home/gustavo/Documents/lua/poo/carro.lua , size = 0.294 KB
[13:49:18.717][info] [#0:script/workspace/loading.lua:101]: Preload file at: file:///home/gustavo/Documents/lua/poo/aluno.lua , size = 0.387 KB
[13:49:18.718][info] [#0:script/workspace/loading.lua:101]: Preload file at: file:///home/gustavo/Documents/lua/game/main.lua , size = 0.440 KB
[13:49:18.720][info] [#0:script/workspace/loading.lua:101]: Preload file at: file:///home/gustavo/Documents/lua/game/character.lua , size = 3.070 KB
[13:49:18.823][info] [#0:script/workspace/loading.lua:173]: Loaded files takes [0.618] sec: file:///home/gustavo/Documents/lua
[13:49:18.823][info] [#0:script/workspace/loading.lua:182]: Compile files takes [0.000] sec: file:///home/gustavo/Documents/lua
[13:49:18.823][info] [#0:script/workspace/loading.lua:183]: Loaded finish:	file:///home/gustavo/Documents/lua
[13:49:18.823][info] [#0:script/workspace/workspace.lua:381]: Preload finish at:	file:///home/gustavo/Documents/lua
[13:49:18.824][info] [#0:script/provider/diagnostic.lua:557]: Diagnostics scope [file:///home/gustavo/Documents/lua], files count:[47]
[13:49:18.824][warn] [#0:script/proto/proto.lua:138]: Response of [workspace/diagnostic/refresh] error [-32601]: Unhandled method workspace/diagnostic/refresh
[13:49:18.894][info] [#0:script/provider/diagnostic.lua:574]: Diagnostics scope [file:///home/gustavo/Documents/lua] finished, takes [0.066] sec.
[13:49:19.054][info] [#0:script/workspace/workspace.lua:284]: Scan files at:	file:///home/gustavo/Documents/lua/game/map.lua
[13:49:19.054][info] [#0:script/workspace/loading.lua:161]: Load files from disk:	file:///home/gustavo/Documents/lua/game/map.lua
[13:49:19.054][info] [#0:script/workspace/loading.lua:89]: Skip loaded file: file:///home/gustavo/Documents/lua/game/map.lua
[13:49:19.054][info] [#0:script/workspace/loading.lua:173]: Loaded files takes [0.000] sec: file:///home/gustavo/Documents/lua/game/map.lua
[13:49:19.054][info] [#0:script/workspace/loading.lua:182]: Compile files takes [0.000] sec: file:///home/gustavo/Documents/lua/game/map.lua
[13:49:19.054][info] [#0:script/workspace/loading.lua:183]: Loaded finish:	file:///home/gustavo/Documents/lua/game/map.lua
