[01:59:41.555][info] [#0:/home/gustavo/.config/coc/extensions/coc-lua-data/lua-language-server/main.lua:66]: Lua Lsp startup, root: 	/home/gustavo/.config/coc/extensions/coc-lua-data/lua-language-server
[01:59:41.556][info] [#0:/home/gustavo/.config/coc/extensions/coc-lua-data/lua-language-server/main.lua:67]: ROOT:	/home/gustavo/.config/coc/extensions/coc-lua-data/lua-language-server
[01:59:41.556][info] [#0:/home/gustavo/.config/coc/extensions/coc-lua-data/lua-language-server/main.lua:68]: LOGPATH:	/home/gustavo/.config/coc/extensions/coc-lua-data/lua-language-server/log
[01:59:41.556][info] [#0:/home/gustavo/.config/coc/extensions/coc-lua-data/lua-language-server/main.lua:69]: METAPATH:	/home/gustavo/.config/coc/extensions/coc-lua-data/lua-language-server/meta
[01:59:41.557][info] [#0:/home/gustavo/.config/coc/extensions/coc-lua-data/lua-language-server/main.lua:70]: VERSION:	3.7.0
[01:59:41.671][info] [#0:script/service/service.lua:144]: 
========= Medical Examination Report =========
    --------------- Memory ---------------
        Total: 2.140 MB
        # 00 : 2.140 MB
        # 01 : 0.000 MB
        # 02 : 0.000 MB
        # 03 : 0.000 MB
        # 04 : 0.000 MB
    --------------- Coroutine ---------------
        Total:     0
        Running:   0
        Suspended: 0
        Normal:    0
        Dead:      0
    --------------- Cache ---------------
        Total: 1
        Dead:  0
    ---------------  RPC  ---------------
        Holdon:   0
        Waiting:  0
==============================================
[01:59:41.716][info] [#0:script/client.lua:657]: Client init	{
  capabilities = {
    general = {
      markdown = {
        parser = "marked",
        version = "4.0.10"
      },
      positionEncodings = { "utf-16" },
      regularExpressions = {
        engine = "ECMAScript",
        version = "ES2020"
      },
      staleRequestSupport = {
        cancel = true,
        retryOnContentModified = { "textDocument/inlayHint", "textDocument/semanticTokens/full", "textDocument/semanticTokens/range", "textDocument/semanticTokens/full/delta" }
      }
    },
    textDocument = {
      callHierarchy = {
        dynamicRegistration = true
      },
      codeAction = {
        codeActionLiteralSupport = {
          codeActionKind = {
            valueSet = { "", "quickfix", "refactor", "refactor.extract", "refactor.inline", "refactor.rewrite", "source", "source.organizeImports" }
          }
        },
        dataSupport = true,
        disabledSupport = true,
        dynamicRegistration = true,
        honorsChangeAnnotations = false,
        isPreferredSupport = true,
        resolveSupport = {
          properties = { "edit" }
        }
      },
      codeLens = {
        dynamicRegistration = true
      },
      colorProvider = {
        dynamicRegistration = true
      },
      completion = {
        completionItem = {
          commitCharactersSupport = true,
          deprecatedSupport = true,
          documentationFormat = { "markdown", "plaintext" },
          insertReplaceSupport = true,
          insertTextModeSupport = {
            valueSet = { 1, 2 }
          },
          labelDetailsSupport = true,
          preselectSupport = true,
          resolveSupport = {
            properties = { "documentation", "detail", "additionalTextEdits" }
          },
          snippetSupport = true,
          tagSupport = {
            valueSet = { 1 }
          }
        },
        completionItemKind = {
          valueSet = { 1, 2, 3, 4, 5, 6, 7, 8, 9, 10, 11, 12, 13, 14, 15, 16, 17, 18, 19, 20, 21, 22, 23, 24, 25 }
        },
        completionList = {
          itemDefaults = { "commitCharacters", "editRange", "insertTextFormat", "insertTextMode" }
        },
        contextSupport = true,
        dynamicRegistration = true,
        insertTextMode = 2
      },
      declaration = {
        dynamicRegistration = true,
        linkSupport = true
      },
      definition = {
        dynamicRegistration = true,
        linkSupport = true
      },
      diagnostic = {
        dynamicRegistration = true,
        relatedDocumentSupport = true
      },
      documentHighlight = {
        dynamicRegistration = true
      },
      documentLink = {
        dynamicRegistration = true,
        tooltipSupport = true
      },
      documentSymbol = {
        dynamicRegistration = true,
        hierarchicalDocumentSymbolSupport = true,
        labelSupport = true,
        symbolKind = {
          valueSet = { 1, 2, 3, 4, 5, 6, 7, 8, 9, 10, 11, 12, 13, 14, 15, 16, 17, 18, 19, 20, 21, 22, 23, 24, 25, 26 }
        },
        tagSupport = {
          valueSet = { 1 }
        }
      },
      foldingRange = {
        dynamicRegistration = true,
        foldingRange = {
          collapsedText = false
        },
        foldingRangeKind = {
          valueSet = { "comment", "imports", "region" }
        },
        lineFoldingOnly = true,
        rangeLimit = 5000
      },
      formatting = {
        dynamicRegistration = true
      },
      hover = {
        contentFormat = { "markdown", "plaintext" },
        dynamicRegistration = true
      },
      implementation = {
        dynamicRegistration = true,
        linkSupport = true
      },
      inlayHint = {
        dynamicRegistration = true,
        resolveSupport = {
          properties = { "tooltip", "textEdits", "label.tooltip", "label.location", "label.command" }
        }
      },
      inlineValue = {
        dynamicRegistration = true
      },
      linkedEditingRange = {
        dynamicRegistration = true
      },
      onTypeFormatting = {
        dynamicRegistration = true
      },
      publishDiagnostics = {
        codeDescriptionSupport = true,
        dataSupport = true,
        relatedInformation = true,
        tagSupport = {
          valueSet = { 1, 2 }
        },
        versionSupport = true
      },
      rangeFormatting = {
        dynamicRegistration = true
      },
      references = {
        dynamicRegistration = true
      },
      rename = {
        dynamicRegistration = true,
        honorsChangeAnnotations = true,
        prepareSupport = true,
        prepareSupportDefaultBehavior = 1
      },
      selectionRange = {
        dynamicRegistration = true
      },
      semanticTokens = {
        augmentsSyntaxTokens = true,
        dynamicRegistration = true,
        formats = { "relative" },
        multilineTokenSupport = false,
        overlappingTokenSupport = false,
        requests = {
          full = {
            delta = true
          },
          range = true
        },
        serverCancelSupport = true,
        tokenModifiers = { "declaration", "definition", "readonly", "static", "deprecated", "abstract", "async", "modification", "documentation", "defaultLibrary" },
        tokenTypes = { "namespace", "type", "class", "enum", "interface", "struct", "typeParameter", "parameter", "variable", "property", "enumMember", "event", "function", "method", "macro", "keyword", "modifier", "comment", "string", "number", "regexp", "decorator", "operator" }
      },
      signatureHelp = {
        contextSupport = true,
        dynamicRegistration = true,
        signatureInformation = {
          activeParameterSupport = true,
          documentationFormat = { "markdown", "plaintext" },
          parameterInformation = {
            labelOffsetSupport = true
          }
        }
      },
      synchronization = {
        didSave = true,
        dynamicRegistration = true,
        willSave = true,
        willSaveWaitUntil = true
      },
      typeDefinition = {
        dynamicRegistration = true,
        linkSupport = true
      },
      typeHierarchy = {
        dynamicRegistration = true
      }
    },
    window = {
      showDocument = {
        support = true
      },
      showMessage = {
        messageActionItem = {
          additionalPropertiesSupport = true
        }
      },
      workDoneProgress = true
    },
    workspace = {
      applyEdit = true,
      codeLens = {
        refreshSupport = true
      },
      configuration = true,
      diagnostics = {
        refreshSupport = true
      },
      didChangeConfiguration = {
        dynamicRegistration = true
      },
      didChangeWatchedFiles = {
        dynamicRegistration = true,
        relativePatternSupport = true
      },
      executeCommand = {
        dynamicRegistration = true
      },
      fileOperations = {
        didCreate = true,
        didDelete = true,
        didRename = true,
        dynamicRegistration = true,
        willCreate = true,
        willDelete = true,
        willRename = true
      },
      inlayHint = {
        refreshSupport = true
      },
      inlineValue = {
        refreshSupport = true
      },
      semanticTokens = {
        refreshSupport = true
      },
      symbol = {
        dynamicRegistration = true,
        resolveSupport = {
          properties = { "location.range" }
        },
        symbolKind = {
          valueSet = { 1, 2, 3, 4, 5, 6, 7, 8, 9, 10, 11, 12, 13, 14, 15, 16, 17, 18, 19, 20, 21, 22, 23, 24, 25, 26 }
        },
        tagSupport = {
          valueSet = { 1 }
        }
      },
      workspaceEdit = {
        changeAnnotationSupport = {
          groupsOnLabel = false
        },
        documentChanges = true,
        failureHandling = "undo",
        normalizesLineEndings = true,
        resourceOperations = { "create", "rename", "delete" }
      },
      workspaceFolders = true
    }
  },
  clientInfo = {
    name = "coc.nvim",
    version = "0.0.82"
  },
  initializationOptions = {
    changeConfiguration = true
  },
  locale = "en_US",
  processId = 455609,
  rootPath = "/home/gustavo/Documents/lua/game",
  rootUri = "file:///home/gustavo/Documents/lua/game",
  trace = "off",
  workDoneToken = "4ff2a721-d003-4fca-9a26-bfe633be56f3",
  workspaceFolders = { {
      name = "game",
      uri = "file:///home/gustavo/Documents/lua/game"
    } }
}
[01:59:41.718][info] [#0:script/language.lua:137]: VSC language: en_US
[01:59:41.718][info] [#0:script/language.lua:138]: LS  language: en-us
[01:59:41.718][info] [#0:script/workspace/workspace.lua:38]: Workspace init root: 	file:///home/gustavo/Documents/lua/game
[01:59:41.718][info] [#0:script/workspace/workspace.lua:42]: Log path: 	/home/gustavo/.config/coc/extensions/coc-lua-data/lua-language-server/log/file_home_gustavo_Documents_lua_game.log
[01:59:41.721][info] [#0:script/workspace/workspace.lua:48]: Workspace create: 	file:///home/gustavo/Documents/lua/game
[01:59:41.835][info] [#0:script/provider/provider.lua:46]: Load config from client	file:///home/gustavo/Documents/lua/game
[01:59:41.836][info] [#0:script/provider/provider.lua:47]: {
  Lua = {
    addonManager = {
      enable = true
    },
    codeLens = {
      enable = false
    },
    completion = {
      autoRequire = true,
      callSnippet = "Disable",
      displayContext = 0,
      enable = true,
      keywordSnippet = "Replace",
      postfix = "@",
      requireSeparator = ".",
      showParams = true,
      showWord = "Fallback",
      workspaceWord = true
    },
    diagnostics = {
      disable = {},
      disableScheme = { "git" },
      enable = true,
      globals = {},
      ignoredFiles = "Opened",
      libraryFiles = "Opened",
      unusedLocalExclude = {},
      workspaceDelay = 3000,
      workspaceEvent = "OnSave",
      workspaceRate = 100
    },
    doc = {
      packageName = {},
      privateName = {},
      protectedName = {}
    },
    format = {
      defaultConfig = {},
      enable = true
    },
    hint = {
      arrayIndex = "Auto",
      await = true,
      enable = false,
      paramName = "All",
      paramType = true,
      semicolon = "SameLine",
      setType = false
    },
    hover = {
      enable = true,
      enumsLimit = 5,
      expandAlias = true,
      previewFields = 50,
      viewNumber = true,
      viewString = true,
      viewStringMax = 1000
    },
    misc = {
      executablePath = "",
      parameters = {}
    },
    runtime = {
      fileEncoding = "utf8",
      meta = "${version} ${language} ${encoding}",
      nonstandardSymbol = {},
      path = { "?.lua", "?/init.lua" },
      pathStrict = false,
      plugin = "",
      pluginArgs = {},
      special = {},
      unicodeName = false,
      version = "Lua 5.4"
    },
    semantic = {
      annotation = true,
      enable = true,
      keyword = false,
      variable = true
    },
    signatureHelp = {
      enable = true
    },
    spell = {
      dict = {}
    },
    type = {
      castNumberToInteger = true,
      weakNilCheck = false,
      weakUnionCheck = false
    },
    window = {
      progressBar = true,
      statusBar = true
    },
    workspace = {
      checkThirdParty = true,
      ignoreDir = { ".vscode" },
      ignoreSubmodules = true,
      library = {},
      maxPreload = 5000,
      preloadFileSize = 500,
      useGitIgnore = true,
      userThirdParty = {}
    }
  }
}
[01:59:41.936][info] [#0:script/provider/completion.lua:43]: Enable completion.
[01:59:41.937][info] [#0:script/provider/provider.lua:61]: Load config from client	fallback
[01:59:41.939][info] [#0:script/provider/provider.lua:62]: {
  Lua = {
    addonManager = {
      enable = true
    },
    codeLens = {
      enable = false
    },
    completion = {
      autoRequire = true,
      callSnippet = "Disable",
      displayContext = 0,
      enable = true,
      keywordSnippet = "Replace",
      postfix = "@",
      requireSeparator = ".",
      showParams = true,
      showWord = "Fallback",
      workspaceWord = true
    },
    diagnostics = {
      disable = {},
      disableScheme = { "git" },
      enable = true,
      globals = {},
      ignoredFiles = "Opened",
      libraryFiles = "Opened",
      unusedLocalExclude = {},
      workspaceDelay = 3000,
      workspaceEvent = "OnSave",
      workspaceRate = 100
    },
    doc = {
      packageName = {},
      privateName = {},
      protectedName = {}
    },
    format = {
      defaultConfig = {},
      enable = true
    },
    hint = {
      arrayIndex = "Auto",
      await = true,
      enable = false,
      paramName = "All",
      paramType = true,
      semicolon = "SameLine",
      setType = false
    },
    hover = {
      enable = true,
      enumsLimit = 5,
      expandAlias = true,
      previewFields = 50,
      viewNumber = true,
      viewString = true,
      viewStringMax = 1000
    },
    misc = {
      executablePath = "",
      parameters = {}
    },
    runtime = {
      fileEncoding = "utf8",
      meta = "${version} ${language} ${encoding}",
      nonstandardSymbol = {},
      path = { "?.lua", "?/init.lua" },
      pathStrict = false,
      plugin = "",
      pluginArgs = {},
      special = {},
      unicodeName = false,
      version = "Lua 5.4"
    },
    semantic = {
      annotation = true,
      enable = true,
      keyword = false,
      variable = true
    },
    signatureHelp = {
      enable = true
    },
    spell = {
      dict = {}
    },
    type = {
      castNumberToInteger = true,
      weakNilCheck = false,
      weakUnionCheck = false
    },
    window = {
      progressBar = true,
      statusBar = true
    },
    workspace = {
      checkThirdParty = true,
      ignoreDir = { ".vscode" },
      ignoreSubmodules = true,
      library = {},
      maxPreload = 5000,
      preloadFileSize = 500,
      useGitIgnore = true,
      userThirdParty = {}
    }
  }
}
[01:59:42.143][info] [#0:script/library.lua:212]: Init builtin library at:	file:///home/gustavo/Documents/lua/game
[01:59:42.264][info] [#0:script/plugin.lua:86]: plugin path:	/home/gustavo/Documents/lua/game
[01:59:42.264][warn] [#0:script/plugin.lua:101]: plugin not found:	/home/gustavo/Documents/lua/game
[01:59:42.264][info] [#0:script/library.lua:212]: Init builtin library at:	nil
[01:59:42.388][info] [#0:script/workspace/workspace.lua:324]: Preload start:	file:///home/gustavo/Documents/lua/game
[01:59:42.413][info] [#0:script/workspace/workspace.lua:330]: Scan files at:	file:///home/gustavo/Documents/lua/game
[01:59:42.419][info] [#0:script/workspace/workspace.lua:324]: Preload start:	<fallback>
[01:59:42.432][info] [#0:script/workspace/workspace.lua:353]: Scan library at:	file:///home/gustavo/.config/coc/extensions/coc-lua-data/lua-language-server/meta/Lua%205.4%20en-us%20utf8/basic.lua
[01:59:42.433][info] [#0:script/workspace/workspace.lua:353]: Scan library at:	file:///home/gustavo/.config/coc/extensions/coc-lua-data/lua-language-server/meta/Lua%205.4%20en-us%20utf8/os.lua
[01:59:42.434][info] [#0:script/workspace/workspace.lua:353]: Scan library at:	file:///home/gustavo/.config/coc/extensions/coc-lua-data/lua-language-server/meta/Lua%205.4%20en-us%20utf8/io.lua
[01:59:42.434][info] [#0:script/workspace/workspace.lua:353]: Scan library at:	file:///home/gustavo/.config/coc/extensions/coc-lua-data/lua-language-server/meta/Lua%205.4%20en-us%20utf8/package.lua
[01:59:42.435][info] [#0:script/workspace/workspace.lua:353]: Scan library at:	file:///home/gustavo/.config/coc/extensions/coc-lua-data/lua-language-server/meta/Lua%205.4%20en-us%20utf8/debug.lua
[01:59:42.436][info] [#0:script/workspace/workspace.lua:353]: Scan library at:	file:///home/gustavo/.config/coc/extensions/coc-lua-data/lua-language-server/meta/Lua%205.4%20en-us%20utf8/table.lua
[01:59:42.436][info] [#0:script/workspace/workspace.lua:353]: Scan library at:	file:///home/gustavo/.config/coc/extensions/coc-lua-data/lua-language-server/meta/Lua%205.4%20en-us%20utf8/math.lua
[01:59:42.437][info] [#0:script/workspace/workspace.lua:353]: Scan library at:	file:///home/gustavo/.config/coc/extensions/coc-lua-data/lua-language-server/meta/Lua%205.4%20en-us%20utf8/string.lua
[01:59:42.437][info] [#0:script/workspace/workspace.lua:353]: Scan library at:	file:///home/gustavo/.config/coc/extensions/coc-lua-data/lua-language-server/meta/Lua%205.4%20en-us%20utf8/basic.lua
[01:59:42.437][info] [#0:script/workspace/workspace.lua:353]: Scan library at:	file:///home/gustavo/.config/coc/extensions/coc-lua-data/lua-language-server/meta/Lua%205.4%20en-us%20utf8/coroutine.lua
[01:59:42.437][info] [#0:script/workspace/workspace.lua:353]: Scan library at:	file:///home/gustavo/.config/coc/extensions/coc-lua-data/lua-language-server/meta/Lua%205.4%20en-us%20utf8/os.lua
[01:59:42.438][info] [#0:script/workspace/workspace.lua:353]: Scan library at:	file:///home/gustavo/.config/coc/extensions/coc-lua-data/lua-language-server/meta/Lua%205.4%20en-us%20utf8/builtin.lua
[01:59:42.438][info] [#0:script/workspace/workspace.lua:353]: Scan library at:	file:///home/gustavo/.config/coc/extensions/coc-lua-data/lua-language-server/meta/Lua%205.4%20en-us%20utf8/io.lua
[01:59:42.438][info] [#0:script/workspace/workspace.lua:353]: Scan library at:	file:///home/gustavo/.config/coc/extensions/coc-lua-data/lua-language-server/meta/Lua%205.4%20en-us%20utf8/utf8.lua
[01:59:42.438][info] [#0:script/workspace/workspace.lua:353]: Scan library at:	file:///home/gustavo/.config/coc/extensions/coc-lua-data/lua-language-server/meta/Lua%205.4%20en-us%20utf8/package.lua
[01:59:42.438][info] [#0:script/workspace/workspace.lua:353]: Scan library at:	file:///home/gustavo/.config/coc/extensions/coc-lua-data/lua-language-server/meta/Lua%205.4%20en-us%20utf8/debug.lua
[01:59:42.439][info] [#0:script/workspace/workspace.lua:353]: Scan library at:	file:///home/gustavo/.config/coc/extensions/coc-lua-data/lua-language-server/meta/Lua%205.4%20en-us%20utf8/table.lua
[01:59:42.440][info] [#0:script/workspace/workspace.lua:353]: Scan library at:	file:///home/gustavo/.config/coc/extensions/coc-lua-data/lua-language-server/meta/Lua%205.4%20en-us%20utf8/math.lua
[01:59:42.441][info] [#0:script/workspace/workspace.lua:353]: Scan library at:	file:///home/gustavo/.config/coc/extensions/coc-lua-data/lua-language-server/meta/Lua%205.4%20en-us%20utf8/string.lua
[01:59:42.442][info] [#0:script/workspace/workspace.lua:353]: Scan library at:	file:///home/gustavo/.config/coc/extensions/coc-lua-data/lua-language-server/meta/Lua%205.4%20en-us%20utf8/coroutine.lua
[01:59:42.443][info] [#0:script/workspace/workspace.lua:353]: Scan library at:	file:///home/gustavo/.config/coc/extensions/coc-lua-data/lua-language-server/meta/Lua%205.4%20en-us%20utf8/builtin.lua
[01:59:42.443][info] [#0:script/workspace/workspace.lua:353]: Scan library at:	file:///home/gustavo/.config/coc/extensions/coc-lua-data/lua-language-server/meta/Lua%205.4%20en-us%20utf8/utf8.lua
[01:59:42.544][info] [#0:script/workspace/workspace.lua:379]: Found 11 files at:	<fallback>
[01:59:42.544][info] [#0:script/workspace/loading.lua:161]: Load files from disk:	<fallback>
[01:59:42.546][info] [#0:script/workspace/workspace.lua:379]: Found 14 files at:	file:///home/gustavo/Documents/lua/game
[01:59:42.546][info] [#0:script/workspace/loading.lua:161]: Load files from disk:	file:///home/gustavo/Documents/lua/game
[01:59:42.547][info] [#0:script/workspace/loading.lua:89]: Skip loaded file: file:///home/gustavo/Documents/lua/game/character.lua
[01:59:42.648][info] [#0:script/workspace/loading.lua:101]: Preload file at: file:///home/gustavo/.config/coc/extensions/coc-lua-data/lua-language-server/meta/Lua%205.4%20en-us%20utf8/utf8.lua , size = 2.386 KB
[01:59:42.680][info] [#0:script/workspace/loading.lua:113]: ++++As library of:	file:///home/gustavo/.config/coc/extensions/coc-lua-data/lua-language-server/meta/Lua%205.4%20en-us%20utf8/utf8.lua
[01:59:42.680][info] [#0:script/workspace/loading.lua:101]: Preload file at: file:///home/gustavo/.config/coc/extensions/coc-lua-data/lua-language-server/meta/Lua%205.4%20en-us%20utf8/builtin.lua , size = 0.302 KB
[01:59:42.684][info] [#0:script/workspace/loading.lua:113]: ++++As library of:	file:///home/gustavo/.config/coc/extensions/coc-lua-data/lua-language-server/meta/Lua%205.4%20en-us%20utf8/builtin.lua
[01:59:42.684][info] [#0:script/workspace/loading.lua:98]: Skip loaded file: file:///home/gustavo/.config/coc/extensions/coc-lua-data/lua-language-server/meta/Lua%205.4%20en-us%20utf8/utf8.lua
[01:59:42.684][info] [#0:script/workspace/loading.lua:98]: Skip loaded file: file:///home/gustavo/.config/coc/extensions/coc-lua-data/lua-language-server/meta/Lua%205.4%20en-us%20utf8/builtin.lua
[01:59:42.684][info] [#0:script/workspace/loading.lua:101]: Preload file at: file:///home/gustavo/.config/coc/extensions/coc-lua-data/lua-language-server/meta/Lua%205.4%20en-us%20utf8/coroutine.lua , size = 2.590 KB
[01:59:42.688][info] [#0:script/workspace/loading.lua:113]: ++++As library of:	file:///home/gustavo/.config/coc/extensions/coc-lua-data/lua-language-server/meta/Lua%205.4%20en-us%20utf8/coroutine.lua
[01:59:42.688][info] [#0:script/workspace/loading.lua:98]: Skip loaded file: file:///home/gustavo/.config/coc/extensions/coc-lua-data/lua-language-server/meta/Lua%205.4%20en-us%20utf8/coroutine.lua
[01:59:42.688][info] [#0:script/workspace/loading.lua:101]: Preload file at: file:///home/gustavo/.config/coc/extensions/coc-lua-data/lua-language-server/meta/Lua%205.4%20en-us%20utf8/string.lua , size = 6.341 KB
[01:59:42.716][info] [#0:script/workspace/loading.lua:113]: ++++As library of:	file:///home/gustavo/.config/coc/extensions/coc-lua-data/lua-language-server/meta/Lua%205.4%20en-us%20utf8/string.lua
[01:59:42.716][info] [#0:script/workspace/loading.lua:101]: Preload file at: file:///home/gustavo/.config/coc/extensions/coc-lua-data/lua-language-server/meta/Lua%205.4%20en-us%20utf8/math.lua , size = 8.509 KB
[01:59:42.729][info] [#0:script/workspace/loading.lua:113]: ++++As library of:	file:///home/gustavo/.config/coc/extensions/coc-lua-data/lua-language-server/meta/Lua%205.4%20en-us%20utf8/math.lua
[01:59:42.729][info] [#0:script/workspace/loading.lua:98]: Skip loaded file: file:///home/gustavo/.config/coc/extensions/coc-lua-data/lua-language-server/meta/Lua%205.4%20en-us%20utf8/string.lua
[01:59:42.729][info] [#0:script/workspace/loading.lua:98]: Skip loaded file: file:///home/gustavo/.config/coc/extensions/coc-lua-data/lua-language-server/meta/Lua%205.4%20en-us%20utf8/math.lua
[01:59:42.729][info] [#0:script/workspace/loading.lua:101]: Preload file at: file:///home/gustavo/.config/coc/extensions/coc-lua-data/lua-language-server/meta/Lua%205.4%20en-us%20utf8/table.lua , size = 4.230 KB
[01:59:42.737][info] [#0:script/workspace/loading.lua:113]: ++++As library of:	file:///home/gustavo/.config/coc/extensions/coc-lua-data/lua-language-server/meta/Lua%205.4%20en-us%20utf8/table.lua
[01:59:42.737][info] [#0:script/workspace/loading.lua:98]: Skip loaded file: file:///home/gustavo/.config/coc/extensions/coc-lua-data/lua-language-server/meta/Lua%205.4%20en-us%20utf8/table.lua
[01:59:42.737][info] [#0:script/workspace/loading.lua:101]: Preload file at: file:///home/gustavo/.config/coc/extensions/coc-lua-data/lua-language-server/meta/Lua%205.4%20en-us%20utf8/debug.lua , size = 7.637 KB
[01:59:42.750][info] [#0:script/workspace/loading.lua:113]: ++++As library of:	file:///home/gustavo/.config/coc/extensions/coc-lua-data/lua-language-server/meta/Lua%205.4%20en-us%20utf8/debug.lua
[01:59:42.750][info] [#0:script/workspace/loading.lua:98]: Skip loaded file: file:///home/gustavo/.config/coc/extensions/coc-lua-data/lua-language-server/meta/Lua%205.4%20en-us%20utf8/debug.lua
[01:59:42.750][info] [#0:script/workspace/loading.lua:101]: Preload file at: file:///home/gustavo/.config/coc/extensions/coc-lua-data/lua-language-server/meta/Lua%205.4%20en-us%20utf8/package.lua , size = 2.944 KB
[01:59:42.752][info] [#0:script/workspace/loading.lua:113]: ++++As library of:	file:///home/gustavo/.config/coc/extensions/coc-lua-data/lua-language-server/meta/Lua%205.4%20en-us%20utf8/package.lua
[01:59:42.752][info] [#0:script/workspace/loading.lua:98]: Skip loaded file: file:///home/gustavo/.config/coc/extensions/coc-lua-data/lua-language-server/meta/Lua%205.4%20en-us%20utf8/package.lua
[01:59:42.752][info] [#0:script/workspace/loading.lua:101]: Preload file at: file:///home/gustavo/.config/coc/extensions/coc-lua-data/lua-language-server/meta/Lua%205.4%20en-us%20utf8/io.lua , size = 6.364 KB
[01:59:42.762][info] [#0:script/workspace/loading.lua:113]: ++++As library of:	file:///home/gustavo/.config/coc/extensions/coc-lua-data/lua-language-server/meta/Lua%205.4%20en-us%20utf8/io.lua
[01:59:42.762][info] [#0:script/workspace/loading.lua:98]: Skip loaded file: file:///home/gustavo/.config/coc/extensions/coc-lua-data/lua-language-server/meta/Lua%205.4%20en-us%20utf8/io.lua
[01:59:42.762][info] [#0:script/workspace/loading.lua:101]: Preload file at: file:///home/gustavo/.config/coc/extensions/coc-lua-data/lua-language-server/meta/Lua%205.4%20en-us%20utf8/os.lua , size = 5.600 KB
[01:59:42.779][info] [#0:script/workspace/loading.lua:113]: ++++As library of:	file:///home/gustavo/.config/coc/extensions/coc-lua-data/lua-language-server/meta/Lua%205.4%20en-us%20utf8/os.lua
[01:59:42.779][info] [#0:script/workspace/loading.lua:101]: Preload file at: file:///home/gustavo/.config/coc/extensions/coc-lua-data/lua-language-server/meta/Lua%205.4%20en-us%20utf8/basic.lua , size = 15.336 KB
[01:59:42.797][info] [#0:script/workspace/loading.lua:113]: ++++As library of:	file:///home/gustavo/.config/coc/extensions/coc-lua-data/lua-language-server/meta/Lua%205.4%20en-us%20utf8/basic.lua
[01:59:42.798][info] [#0:script/workspace/loading.lua:98]: Skip loaded file: file:///home/gustavo/.config/coc/extensions/coc-lua-data/lua-language-server/meta/Lua%205.4%20en-us%20utf8/os.lua
[01:59:42.798][info] [#0:script/workspace/loading.lua:101]: Preload file at: file:///home/gustavo/Documents/lua/game/map.lua , size = 0.243 KB
[01:59:42.798][info] [#0:script/workspace/loading.lua:98]: Skip loaded file: file:///home/gustavo/.config/coc/extensions/coc-lua-data/lua-language-server/meta/Lua%205.4%20en-us%20utf8/basic.lua
[01:59:42.798][info] [#0:script/workspace/loading.lua:101]: Preload file at: file:///home/gustavo/Documents/lua/game/main.lua , size = 0.440 KB
[01:59:42.900][info] [#0:script/workspace/loading.lua:173]: Loaded files takes [0.149] sec: <fallback>
[01:59:42.900][info] [#0:script/workspace/loading.lua:182]: Compile files takes [0.000] sec: <fallback>
[01:59:42.900][info] [#0:script/workspace/loading.lua:183]: Loaded finish:	<fallback>
[01:59:42.900][info] [#0:script/workspace/workspace.lua:381]: Preload finish at:	<fallback>
[01:59:42.987][info] [#0:script/workspace/loading.lua:173]: Loaded files takes [0.190] sec: file:///home/gustavo/Documents/lua/game
[01:59:42.988][info] [#0:script/workspace/loading.lua:182]: Compile files takes [0.000] sec: file:///home/gustavo/Documents/lua/game
[01:59:42.989][info] [#0:script/workspace/loading.lua:183]: Loaded finish:	file:///home/gustavo/Documents/lua/game
[01:59:42.989][info] [#0:script/workspace/workspace.lua:381]: Preload finish at:	file:///home/gustavo/Documents/lua/game
[01:59:43.026][warn] [#0:script/proto/proto.lua:138]: Response of [workspace/diagnostic/refresh] error [-32601]: Unhandled method workspace/diagnostic/refresh
[01:59:43.026][info] [#0:script/provider/diagnostic.lua:557]: Diagnostics scope [file:///home/gustavo/Documents/lua/game], files count:[14]
[01:59:43.032][warn] [#0:script/proto/proto.lua:138]: Response of [workspace/diagnostic/refresh] error [-32601]: Unhandled method workspace/diagnostic/refresh
[01:59:43.060][info] [#0:script/library.lua:546]: Found 3rd library by word: 	()love%.%w+()	file:///home/gustavo/Documents/lua/game/main.lua	${3rd}/love2d/library	{}
[01:59:43.061][info] [#0:script/client.lua:132]: requestMessage	Info	Do you need to configure your work environment as `LÖVE`?
[01:59:43.061][info] [#0:script/library.lua:546]: Found 3rd library by word: 	()love%.%w+()	file:///home/gustavo/Documents/lua/game/map.lua	${3rd}/love2d/library	{}
[01:59:43.061][info] [#0:script/library.lua:546]: Found 3rd library by word: 	()love%.%w+()	file:///home/gustavo/Documents/lua/game/character.lua	${3rd}/love2d/library	{}
[01:59:43.146][info] [#0:script/provider/diagnostic.lua:574]: Diagnostics scope [file:///home/gustavo/Documents/lua/game] finished, takes [0.099] sec.
[01:59:44.349][info] [#0:script/client.lua:138]: responseMessage	Do you need to configure your work environment as `LÖVE`?	Apply and modify settings
[01:59:44.351][info] [#0:script/client.lua:548]: Modify config	{ {
    action = "set",
    key = "Lua.runtime.version",
    uri = "file:///home/gustavo/Documents/lua/game/main.lua",
    value = "LuaJIT"
  }, {
    action = "prop",
    key = "Lua.runtime.special",
    prop = "love.filesystem.load",
    uri = "file:///home/gustavo/Documents/lua/game/main.lua",
    value = "loadfile"
  }, {
    action = "add",
    key = "Lua.workspace.library",
    uri = "file:///home/gustavo/Documents/lua/game/main.lua",
    value = "${3rd}/love2d/library"
  } }
[01:59:44.352][info] [#0:script/client.lua:481]: tryModifyClientGlobal	{ {
    action = "set",
    key = "Lua.runtime.version",
    uri = "file:///home/gustavo/Documents/lua/game/main.lua",
    value = "LuaJIT"
  }, {
    action = "prop",
    key = "Lua.runtime.special",
    prop = "love.filesystem.load",
    uri = "file:///home/gustavo/Documents/lua/game/main.lua",
    value = "loadfile"
  }, {
    action = "add",
    key = "Lua.workspace.library",
    uri = "file:///home/gustavo/Documents/lua/game/main.lua",
    value = "${3rd}/love2d/library"
  } }
[01:59:44.352][info] [#0:script/client.lua:493]: No global changes
[01:59:44.352][info] [#0:script/client.lua:379]: tryModifySpecifiedConfig	file:///home/gustavo/Documents/lua/game	{ {
    action = "set",
    key = "Lua.runtime.version",
    uri = "file:///home/gustavo/Documents/lua/game/main.lua",
    value = "LuaJIT"
  }, {
    action = "prop",
    key = "Lua.runtime.special",
    prop = "love.filesystem.load",
    uri = "file:///home/gustavo/Documents/lua/game/main.lua",
    value = "loadfile"
  }, {
    action = "add",
    key = "Lua.workspace.library",
    uri = "file:///home/gustavo/Documents/lua/game/main.lua",
    value = "${3rd}/love2d/library"
  } }
[01:59:44.352][info] [#0:script/client.lua:383]: lastLocalType ~= json
[01:59:44.353][info] [#0:script/client.lua:411]: tryModifyRC	file:///home/gustavo/Documents/lua/game	{ {
    action = "set",
    key = "Lua.runtime.version",
    uri = "file:///home/gustavo/Documents/lua/game/main.lua",
    value = "LuaJIT"
  }, {
    action = "prop",
    key = "Lua.runtime.special",
    prop = "love.filesystem.load",
    uri = "file:///home/gustavo/Documents/lua/game/main.lua",
    value = "loadfile"
  }, {
    action = "add",
    key = "Lua.workspace.library",
    uri = "file:///home/gustavo/Documents/lua/game/main.lua",
    value = "${3rd}/love2d/library"
  } }
[01:59:44.355][info] [#0:script/client.lua:425]: Can not load .luarc.json and not create
[01:59:44.360][info] [#0:script/client.lua:451]: tryModifyClient	file:///home/gustavo/Documents/lua/game	{ {
    action = "set",
    key = "Lua.runtime.version",
    uri = "file:///home/gustavo/Documents/lua/game/main.lua",
    value = "LuaJIT"
  }, {
    action = "prop",
    key = "Lua.runtime.special",
    prop = "love.filesystem.load",
    uri = "file:///home/gustavo/Documents/lua/game/main.lua",
    value = "loadfile"
  }, {
    action = "add",
    key = "Lua.workspace.library",
    uri = "file:///home/gustavo/Documents/lua/game/main.lua",
    value = "${3rd}/love2d/library"
  } }
[01:59:44.361][info] [#0:script/client.lua:471]: Apply client changes	file:///home/gustavo/Documents/lua/game	{ {
    action = "set",
    key = "Lua.runtime.version",
    uri = "file:///home/gustavo/Documents/lua/game/main.lua",
    value = "LuaJIT"
  }, {
    action = "prop",
    key = "Lua.runtime.special",
    prop = "love.filesystem.load",
    uri = "file:///home/gustavo/Documents/lua/game/main.lua",
    value = "loadfile"
  }, {
    action = "add",
    key = "Lua.workspace.library",
    uri = "file:///home/gustavo/Documents/lua/game/main.lua",
    value = "${3rd}/love2d/library"
  } }
[01:59:44.471][info] [#0:script/library.lua:212]: Init builtin library at:	file:///home/gustavo/Documents/lua/game/main.lua
[01:59:44.550][info] [#0:script/library.lua:212]: Init builtin library at:	file:///home/gustavo/Documents/lua/game/main.lua
[01:59:44.583][info] [#0:script/library.lua:212]: Init builtin library at:	file:///home/gustavo/Documents/lua/game/main.lua
[01:59:44.632][info] [#0:script/provider/diagnostic.lua:171]: clearDiagnostics	file:///home/gustavo/Documents/lua/game/main.lua
[01:59:44.633][info] [#0:script/provider/diagnostic.lua:171]: clearDiagnostics	file:///home/gustavo/Documents/lua/game/map.lua
[01:59:44.633][info] [#0:script/library.lua:212]: Init builtin library at:	file:///home/gustavo/Documents/lua/game
[01:59:44.651][info] [#0:script/plugin.lua:86]: plugin path:	/home/gustavo/Documents/lua/game
[01:59:44.651][warn] [#0:script/plugin.lua:101]: plugin not found:	/home/gustavo/Documents/lua/game
[01:59:44.796][info] [#0:script/workspace/workspace.lua:324]: Preload start:	file:///home/gustavo/Documents/lua/game
[01:59:44.825][info] [#0:script/workspace/workspace.lua:330]: Scan files at:	file:///home/gustavo/Documents/lua/game
[01:59:44.833][info] [#0:script/workspace/workspace.lua:353]: Scan library at:	file:///home/gustavo/.config/coc/extensions/coc-lua-data/lua-language-server/meta/LuaJIT%20en-us%20utf8/package.lua
[01:59:44.834][info] [#0:script/workspace/workspace.lua:353]: Scan library at:	file:///home/gustavo/.config/coc/extensions/coc-lua-data/lua-language-server/meta/LuaJIT%20en-us%20utf8/os.lua
[01:59:44.835][info] [#0:script/workspace/workspace.lua:353]: Scan library at:	file:///home/gustavo/.config/coc/extensions/coc-lua-data/lua-language-server/meta/LuaJIT%20en-us%20utf8/table/clear.lua
[01:59:44.836][info] [#0:script/workspace/workspace.lua:353]: Scan library at:	file:///home/gustavo/.config/coc/extensions/coc-lua-data/lua-language-server/meta/LuaJIT%20en-us%20utf8/builtin.lua
[01:59:44.836][info] [#0:script/workspace/workspace.lua:353]: Scan library at:	file:///home/gustavo/.config/coc/extensions/coc-lua-data/lua-language-server/meta/LuaJIT%20en-us%20utf8/io.lua
[01:59:44.837][info] [#0:script/workspace/workspace.lua:353]: Scan library at:	file:///home/gustavo/.config/coc/extensions/coc-lua-data/lua-language-server/meta/LuaJIT%20en-us%20utf8/debug.lua
[01:59:44.838][info] [#0:script/workspace/workspace.lua:353]: Scan library at:	file:///home/gustavo/.config/coc/extensions/coc-lua-data/lua-language-server/meta/LuaJIT%20en-us%20utf8/math.lua
[01:59:44.839][info] [#0:script/workspace/workspace.lua:353]: Scan library at:	file:///home/gustavo/.config/coc/extensions/coc-lua-data/lua-language-server/meta/LuaJIT%20en-us%20utf8/bit.lua
[01:59:44.840][info] [#0:script/workspace/workspace.lua:353]: Scan library at:	file:///home/gustavo/.config/coc/extensions/coc-lua-data/lua-language-server/meta/LuaJIT%20en-us%20utf8/string/buffer.lua
[01:59:44.841][info] [#0:script/workspace/workspace.lua:353]: Scan library at:	file:///home/gustavo/.config/coc/extensions/coc-lua-data/lua-language-server/meta/3rd/love2d/library
[01:59:44.880][info] [#0:script/workspace/workspace.lua:353]: Scan library at:	file:///home/gustavo/.config/coc/extensions/coc-lua-data/lua-language-server/meta/LuaJIT%20en-us%20utf8/jit/profile.lua
[01:59:44.881][info] [#0:script/workspace/workspace.lua:353]: Scan library at:	file:///home/gustavo/.config/coc/extensions/coc-lua-data/lua-language-server/meta/LuaJIT%20en-us%20utf8/string.lua
[01:59:44.881][info] [#0:script/workspace/workspace.lua:353]: Scan library at:	file:///home/gustavo/.config/coc/extensions/coc-lua-data/lua-language-server/meta/LuaJIT%20en-us%20utf8/table/new.lua
[01:59:44.882][info] [#0:script/workspace/workspace.lua:353]: Scan library at:	file:///home/gustavo/.config/coc/extensions/coc-lua-data/lua-language-server/meta/LuaJIT%20en-us%20utf8/ffi.lua
[01:59:44.882][info] [#0:script/workspace/workspace.lua:353]: Scan library at:	file:///home/gustavo/.config/coc/extensions/coc-lua-data/lua-language-server/meta/LuaJIT%20en-us%20utf8/basic.lua
[01:59:44.883][info] [#0:script/workspace/workspace.lua:353]: Scan library at:	file:///home/gustavo/.config/coc/extensions/coc-lua-data/lua-language-server/meta/LuaJIT%20en-us%20utf8/table.lua
[01:59:44.883][info] [#0:script/workspace/workspace.lua:353]: Scan library at:	file:///home/gustavo/.config/coc/extensions/coc-lua-data/lua-language-server/meta/LuaJIT%20en-us%20utf8/coroutine.lua
[01:59:44.884][info] [#0:script/workspace/workspace.lua:353]: Scan library at:	file:///home/gustavo/.config/coc/extensions/coc-lua-data/lua-language-server/meta/LuaJIT%20en-us%20utf8/jit.lua
[01:59:44.884][info] [#0:script/workspace/workspace.lua:353]: Scan library at:	file:///home/gustavo/.config/coc/extensions/coc-lua-data/lua-language-server/meta/LuaJIT%20en-us%20utf8/jit/util.lua
[01:59:44.985][info] [#0:script/workspace/workspace.lua:379]: Found 41 files at:	file:///home/gustavo/Documents/lua/game
[01:59:44.985][info] [#0:script/workspace/loading.lua:161]: Load files from disk:	file:///home/gustavo/Documents/lua/game
[01:59:44.985][info] [#0:script/workspace/loading.lua:101]: Preload file at: file:///home/gustavo/.config/coc/extensions/coc-lua-data/lua-language-server/meta/LuaJIT%20en-us%20utf8/jit/util.lua , size = 1.984 KB
[01:59:45.029][info] [#0:script/workspace/loading.lua:113]: ++++As library of:	file:///home/gustavo/.config/coc/extensions/coc-lua-data/lua-language-server/meta/LuaJIT%20en-us%20utf8/jit/util.lua
[01:59:45.030][info] [#0:script/workspace/loading.lua:101]: Preload file at: file:///home/gustavo/.config/coc/extensions/coc-lua-data/lua-language-server/meta/LuaJIT%20en-us%20utf8/jit.lua , size = 0.884 KB
[01:59:45.033][info] [#0:script/workspace/loading.lua:113]: ++++As library of:	file:///home/gustavo/.config/coc/extensions/coc-lua-data/lua-language-server/meta/LuaJIT%20en-us%20utf8/jit.lua
[01:59:45.034][info] [#0:script/workspace/loading.lua:101]: Preload file at: file:///home/gustavo/.config/coc/extensions/coc-lua-data/lua-language-server/meta/LuaJIT%20en-us%20utf8/coroutine.lua , size = 2.541 KB
[01:59:45.042][info] [#0:script/workspace/loading.lua:113]: ++++As library of:	file:///home/gustavo/.config/coc/extensions/coc-lua-data/lua-language-server/meta/LuaJIT%20en-us%20utf8/coroutine.lua
[01:59:45.043][info] [#0:script/workspace/loading.lua:101]: Preload file at: file:///home/gustavo/.config/coc/extensions/coc-lua-data/lua-language-server/meta/LuaJIT%20en-us%20utf8/table.lua , size = 4.230 KB
[01:59:45.049][info] [#0:script/workspace/loading.lua:113]: ++++As library of:	file:///home/gustavo/.config/coc/extensions/coc-lua-data/lua-language-server/meta/LuaJIT%20en-us%20utf8/table.lua
[01:59:45.050][info] [#0:script/workspace/loading.lua:101]: Preload file at: file:///home/gustavo/.config/coc/extensions/coc-lua-data/lua-language-server/meta/LuaJIT%20en-us%20utf8/ffi.lua , size = 2.529 KB
[01:59:45.056][info] [#0:script/workspace/loading.lua:113]: ++++As library of:	file:///home/gustavo/.config/coc/extensions/coc-lua-data/lua-language-server/meta/LuaJIT%20en-us%20utf8/ffi.lua
[01:59:45.057][info] [#0:script/workspace/loading.lua:101]: Preload file at: file:///home/gustavo/.config/coc/extensions/coc-lua-data/lua-language-server/meta/LuaJIT%20en-us%20utf8/basic.lua , size = 14.989 KB
[01:59:45.077][info] [#0:script/workspace/loading.lua:113]: ++++As library of:	file:///home/gustavo/.config/coc/extensions/coc-lua-data/lua-language-server/meta/LuaJIT%20en-us%20utf8/basic.lua
[01:59:45.077][info] [#0:script/workspace/loading.lua:101]: Preload file at: file:///home/gustavo/.config/coc/extensions/coc-lua-data/lua-language-server/meta/LuaJIT%20en-us%20utf8/table/new.lua , size = 0.642 KB
[01:59:45.078][info] [#0:script/workspace/loading.lua:113]: ++++As library of:	file:///home/gustavo/.config/coc/extensions/coc-lua-data/lua-language-server/meta/LuaJIT%20en-us%20utf8/table/new.lua
[01:59:45.078][info] [#0:script/workspace/loading.lua:101]: Preload file at: file:///home/gustavo/.config/coc/extensions/coc-lua-data/lua-language-server/meta/LuaJIT%20en-us%20utf8/jit/profile.lua , size = 0.348 KB
[01:59:45.079][info] [#0:script/workspace/loading.lua:113]: ++++As library of:	file:///home/gustavo/.config/coc/extensions/coc-lua-data/lua-language-server/meta/LuaJIT%20en-us%20utf8/jit/profile.lua
[01:59:45.079][info] [#0:script/workspace/loading.lua:101]: Preload file at: file:///home/gustavo/.config/coc/extensions/coc-lua-data/lua-language-server/meta/LuaJIT%20en-us%20utf8/string.lua , size = 6.323 KB
[01:59:45.083][info] [#0:script/workspace/loading.lua:113]: ++++As library of:	file:///home/gustavo/.config/coc/extensions/coc-lua-data/lua-language-server/meta/LuaJIT%20en-us%20utf8/string.lua
[01:59:45.083][info] [#0:script/workspace/loading.lua:101]: Preload file at: file:///home/gustavo/.config/coc/extensions/coc-lua-data/lua-language-server/meta/3rd/love2d/library/love.lua , size = 10.825 KB
[01:59:45.093][info] [#0:script/workspace/loading.lua:113]: ++++As library of:	file:///home/gustavo/.config/coc/extensions/coc-lua-data/lua-language-server/meta/3rd/love2d/library
[01:59:45.093][info] [#0:script/workspace/loading.lua:101]: Preload file at: file:///home/gustavo/.config/coc/extensions/coc-lua-data/lua-language-server/meta/3rd/love2d/library/love/data.lua , size = 9.649 KB
[01:59:45.109][info] [#0:script/workspace/loading.lua:113]: ++++As library of:	file:///home/gustavo/.config/coc/extensions/coc-lua-data/lua-language-server/meta/3rd/love2d/library
[01:59:45.109][info] [#0:script/workspace/loading.lua:101]: Preload file at: file:///home/gustavo/.config/coc/extensions/coc-lua-data/lua-language-server/meta/3rd/love2d/library/love/timer.lua , size = 1.727 KB
[01:59:45.112][info] [#0:script/workspace/loading.lua:113]: ++++As library of:	file:///home/gustavo/.config/coc/extensions/coc-lua-data/lua-language-server/meta/3rd/love2d/library
[01:59:45.112][info] [#0:script/workspace/loading.lua:101]: Preload file at: file:///home/gustavo/.config/coc/extensions/coc-lua-data/lua-language-server/meta/3rd/love2d/library/love/font.lua , size = 7.587 KB
[01:59:45.118][info] [#0:script/workspace/loading.lua:113]: ++++As library of:	file:///home/gustavo/.config/coc/extensions/coc-lua-data/lua-language-server/meta/3rd/love2d/library
[01:59:45.118][info] [#0:script/workspace/loading.lua:101]: Preload file at: file:///home/gustavo/.config/coc/extensions/coc-lua-data/lua-language-server/meta/3rd/love2d/library/love/touch.lua , size = 1.456 KB
[01:59:45.121][info] [#0:script/workspace/loading.lua:113]: ++++As library of:	file:///home/gustavo/.config/coc/extensions/coc-lua-data/lua-language-server/meta/3rd/love2d/library
[01:59:45.121][info] [#0:script/workspace/loading.lua:101]: Preload file at: file:///home/gustavo/.config/coc/extensions/coc-lua-data/lua-language-server/meta/3rd/love2d/library/love/math.lua , size = 31.028 KB
[01:59:45.150][info] [#0:script/workspace/loading.lua:113]: ++++As library of:	file:///home/gustavo/.config/coc/extensions/coc-lua-data/lua-language-server/meta/3rd/love2d/library
[01:59:45.150][info] [#0:script/workspace/loading.lua:101]: Preload file at: file:///home/gustavo/.config/coc/extensions/coc-lua-data/lua-language-server/meta/3rd/love2d/library/love/system.lua , size = 3.604 KB
[01:59:45.163][info] [#0:script/workspace/loading.lua:113]: ++++As library of:	file:///home/gustavo/.config/coc/extensions/coc-lua-data/lua-language-server/meta/3rd/love2d/library
[01:59:45.163][info] [#0:script/workspace/loading.lua:101]: Preload file at: file:///home/gustavo/.config/coc/extensions/coc-lua-data/lua-language-server/meta/3rd/love2d/library/love/keyboard.lua , size = 22.717 KB
[01:59:45.179][info] [#0:script/workspace/loading.lua:113]: ++++As library of:	file:///home/gustavo/.config/coc/extensions/coc-lua-data/lua-language-server/meta/3rd/love2d/library
[01:59:45.179][info] [#0:script/workspace/loading.lua:101]: Preload file at: file:///home/gustavo/.config/coc/extensions/coc-lua-data/lua-language-server/meta/3rd/love2d/library/love/event.lua , size = 4.563 KB
[01:59:45.182][info] [#0:script/workspace/loading.lua:113]: ++++As library of:	file:///home/gustavo/.config/coc/extensions/coc-lua-data/lua-language-server/meta/3rd/love2d/library
[01:59:45.182][info] [#0:script/workspace/loading.lua:101]: Preload file at: file:///home/gustavo/.config/coc/extensions/coc-lua-data/lua-language-server/meta/3rd/love2d/library/love/sound.lua , size = 5.808 KB
[01:59:45.186][info] [#0:script/workspace/loading.lua:113]: ++++As library of:	file:///home/gustavo/.config/coc/extensions/coc-lua-data/lua-language-server/meta/3rd/love2d/library
[01:59:45.186][info] [#0:script/workspace/loading.lua:101]: Preload file at: file:///home/gustavo/.config/coc/extensions/coc-lua-data/lua-language-server/meta/3rd/love2d/library/love/physics.lua , size = 109.736 KB
[01:59:45.298][info] [#0:script/workspace/loading.lua:113]: ++++As library of:	file:///home/gustavo/.config/coc/extensions/coc-lua-data/lua-language-server/meta/3rd/love2d/library
[01:59:45.298][info] [#0:script/workspace/loading.lua:101]: Preload file at: file:///home/gustavo/.config/coc/extensions/coc-lua-data/lua-language-server/meta/3rd/love2d/library/love/filesystem.lua , size = 22.718 KB
[01:59:45.318][info] [#0:script/workspace/loading.lua:113]: ++++As library of:	file:///home/gustavo/.config/coc/extensions/coc-lua-data/lua-language-server/meta/3rd/love2d/library
[01:59:45.318][info] [#0:script/workspace/loading.lua:101]: Preload file at: file:///home/gustavo/.config/coc/extensions/coc-lua-data/lua-language-server/meta/3rd/love2d/library/love/mouse.lua , size = 8.759 KB
[01:59:45.326][info] [#0:script/workspace/loading.lua:113]: ++++As library of:	file:///home/gustavo/.config/coc/extensions/coc-lua-data/lua-language-server/meta/3rd/love2d/library
[01:59:45.327][info] [#0:script/workspace/loading.lua:101]: Preload file at: file:///home/gustavo/.config/coc/extensions/coc-lua-data/lua-language-server/meta/3rd/love2d/library/love/audio.lua , size = 33.680 KB
[01:59:45.366][info] [#0:script/workspace/loading.lua:113]: ++++As library of:	file:///home/gustavo/.config/coc/extensions/coc-lua-data/lua-language-server/meta/3rd/love2d/library
[01:59:45.366][info] [#0:script/workspace/loading.lua:101]: Preload file at: file:///home/gustavo/.config/coc/extensions/coc-lua-data/lua-language-server/meta/3rd/love2d/library/love/window.lua , size = 17.922 KB
[01:59:45.380][info] [#0:script/workspace/loading.lua:113]: ++++As library of:	file:///home/gustavo/.config/coc/extensions/coc-lua-data/lua-language-server/meta/3rd/love2d/library
[01:59:45.380][info] [#0:script/workspace/loading.lua:101]: Preload file at: file:///home/gustavo/.config/coc/extensions/coc-lua-data/lua-language-server/meta/3rd/love2d/library/love/thread.lua , size = 7.104 KB
[01:59:45.384][info] [#0:script/workspace/loading.lua:113]: ++++As library of:	file:///home/gustavo/.config/coc/extensions/coc-lua-data/lua-language-server/meta/3rd/love2d/library
[01:59:45.384][info] [#0:script/workspace/loading.lua:101]: Preload file at: file:///home/gustavo/.config/coc/extensions/coc-lua-data/lua-language-server/meta/3rd/love2d/library/love/video.lua , size = 2.342 KB
[01:59:45.388][info] [#0:script/workspace/loading.lua:113]: ++++As library of:	file:///home/gustavo/.config/coc/extensions/coc-lua-data/lua-language-server/meta/3rd/love2d/library
[01:59:45.389][info] [#0:script/workspace/loading.lua:101]: Preload file at: file:///home/gustavo/.config/coc/extensions/coc-lua-data/lua-language-server/meta/3rd/love2d/library/love/image.lua , size = 21.299 KB
[01:59:45.400][info] [#0:script/workspace/loading.lua:113]: ++++As library of:	file:///home/gustavo/.config/coc/extensions/coc-lua-data/lua-language-server/meta/3rd/love2d/library
[01:59:45.400][info] [#0:script/workspace/loading.lua:101]: Preload file at: file:///home/gustavo/.config/coc/extensions/coc-lua-data/lua-language-server/meta/3rd/love2d/library/love/joystick.lua , size = 14.190 KB
[01:59:45.413][info] [#0:script/workspace/loading.lua:113]: ++++As library of:	file:///home/gustavo/.config/coc/extensions/coc-lua-data/lua-language-server/meta/3rd/love2d/library
[01:59:45.413][info] [#0:script/workspace/loading.lua:101]: Preload file at: file:///home/gustavo/.config/coc/extensions/coc-lua-data/lua-language-server/meta/LuaJIT%20en-us%20utf8/string/buffer.lua , size = 18.123 KB
[01:59:45.418][info] [#0:script/workspace/loading.lua:113]: ++++As library of:	file:///home/gustavo/.config/coc/extensions/coc-lua-data/lua-language-server/meta/LuaJIT%20en-us%20utf8/string/buffer.lua
[01:59:45.418][info] [#0:script/workspace/loading.lua:101]: Preload file at: file:///home/gustavo/.config/coc/extensions/coc-lua-data/lua-language-server/meta/LuaJIT%20en-us%20utf8/bit.lua , size = 1.320 KB
[01:59:45.423][info] [#0:script/workspace/loading.lua:113]: ++++As library of:	file:///home/gustavo/.config/coc/extensions/coc-lua-data/lua-language-server/meta/LuaJIT%20en-us%20utf8/bit.lua
[01:59:45.423][info] [#0:script/workspace/loading.lua:101]: Preload file at: file:///home/gustavo/.config/coc/extensions/coc-lua-data/lua-language-server/meta/LuaJIT%20en-us%20utf8/math.lua , size = 7.949 KB
[01:59:45.433][info] [#0:script/workspace/loading.lua:113]: ++++As library of:	file:///home/gustavo/.config/coc/extensions/coc-lua-data/lua-language-server/meta/LuaJIT%20en-us%20utf8/math.lua
[01:59:45.433][info] [#0:script/workspace/loading.lua:101]: Preload file at: file:///home/gustavo/.config/coc/extensions/coc-lua-data/lua-language-server/meta/3rd/love2d/library/love/graphics.lua , size = 158.601 KB
[01:59:45.600][info] [#0:script/workspace/loading.lua:113]: ++++As library of:	file:///home/gustavo/.config/coc/extensions/coc-lua-data/lua-language-server/meta/3rd/love2d/library
[01:59:45.628][info] [#0:script/workspace/loading.lua:101]: Preload file at: file:///home/gustavo/.config/coc/extensions/coc-lua-data/lua-language-server/meta/LuaJIT%20en-us%20utf8/debug.lua , size = 7.310 KB
[01:59:45.635][info] [#0:script/workspace/loading.lua:113]: ++++As library of:	file:///home/gustavo/.config/coc/extensions/coc-lua-data/lua-language-server/meta/LuaJIT%20en-us%20utf8/debug.lua
[01:59:45.635][info] [#0:script/workspace/loading.lua:101]: Preload file at: file:///home/gustavo/.config/coc/extensions/coc-lua-data/lua-language-server/meta/LuaJIT%20en-us%20utf8/builtin.lua , size = 0.302 KB
[01:59:45.638][info] [#0:script/workspace/loading.lua:113]: ++++As library of:	file:///home/gustavo/.config/coc/extensions/coc-lua-data/lua-language-server/meta/LuaJIT%20en-us%20utf8/builtin.lua
[01:59:45.638][info] [#0:script/workspace/loading.lua:101]: Preload file at: file:///home/gustavo/.config/coc/extensions/coc-lua-data/lua-language-server/meta/LuaJIT%20en-us%20utf8/io.lua , size = 6.364 KB
[01:59:45.649][info] [#0:script/workspace/loading.lua:113]: ++++As library of:	file:///home/gustavo/.config/coc/extensions/coc-lua-data/lua-language-server/meta/LuaJIT%20en-us%20utf8/io.lua
[01:59:45.649][info] [#0:script/workspace/loading.lua:101]: Preload file at: file:///home/gustavo/.config/coc/extensions/coc-lua-data/lua-language-server/meta/LuaJIT%20en-us%20utf8/table/clear.lua , size = 0.797 KB
[01:59:45.649][info] [#0:script/workspace/loading.lua:113]: ++++As library of:	file:///home/gustavo/.config/coc/extensions/coc-lua-data/lua-language-server/meta/LuaJIT%20en-us%20utf8/table/clear.lua
[01:59:45.649][info] [#0:script/workspace/loading.lua:101]: Preload file at: file:///home/gustavo/.config/coc/extensions/coc-lua-data/lua-language-server/meta/LuaJIT%20en-us%20utf8/os.lua , size = 5.600 KB
[01:59:45.658][info] [#0:script/workspace/loading.lua:113]: ++++As library of:	file:///home/gustavo/.config/coc/extensions/coc-lua-data/lua-language-server/meta/LuaJIT%20en-us%20utf8/os.lua
[01:59:45.658][info] [#0:script/workspace/loading.lua:101]: Preload file at: file:///home/gustavo/.config/coc/extensions/coc-lua-data/lua-language-server/meta/LuaJIT%20en-us%20utf8/package.lua , size = 2.699 KB
[01:59:45.661][info] [#0:script/workspace/loading.lua:113]: ++++As library of:	file:///home/gustavo/.config/coc/extensions/coc-lua-data/lua-language-server/meta/LuaJIT%20en-us%20utf8/package.lua
[01:59:45.661][info] [#0:script/workspace/loading.lua:101]: Preload file at: file:///home/gustavo/Documents/lua/game/map.lua , size = 0.243 KB
[01:59:45.662][info] [#0:script/workspace/loading.lua:89]: Skip loaded file: file:///home/gustavo/Documents/lua/game/character.lua
[01:59:45.662][info] [#0:script/workspace/loading.lua:101]: Preload file at: file:///home/gustavo/Documents/lua/game/main.lua , size = 0.440 KB
[01:59:45.664][info] [#0:script/workspace/loading.lua:173]: Loaded files takes [0.677] sec: file:///home/gustavo/Documents/lua/game
[01:59:45.664][info] [#0:script/workspace/loading.lua:182]: Compile files takes [0.000] sec: file:///home/gustavo/Documents/lua/game
[01:59:45.664][info] [#0:script/workspace/loading.lua:183]: Loaded finish:	file:///home/gustavo/Documents/lua/game
[01:59:45.664][info] [#0:script/workspace/workspace.lua:381]: Preload finish at:	file:///home/gustavo/Documents/lua/game
[01:59:45.664][info] [#0:script/provider/diagnostic.lua:557]: Diagnostics scope [file:///home/gustavo/Documents/lua/game], files count:[41]
[01:59:45.665][warn] [#0:script/proto/proto.lua:138]: Response of [workspace/diagnostic/refresh] error [-32601]: Unhandled method workspace/diagnostic/refresh
[01:59:45.742][info] [#0:script/provider/diagnostic.lua:171]: clearDiagnostics	file:///home/gustavo/Documents/lua/game/character.lua
[01:59:45.764][info] [#0:script/provider/diagnostic.lua:574]: Diagnostics scope [file:///home/gustavo/Documents/lua/game] finished, takes [0.097] sec.
[01:59:52.025][info] [#0:script/provider/diagnostic.lua:171]: clearDiagnostics	file:///home/gustavo/Documents/lua/game/character.lua
[01:59:52.729][info] [#0:script/workspace/workspace.lua:284]: Scan files at:	file:///home/gustavo/Documents/lua/game/character.lua
[01:59:52.730][info] [#0:script/workspace/loading.lua:161]: Load files from disk:	file:///home/gustavo/Documents/lua/game/character.lua
[01:59:52.730][info] [#0:script/workspace/loading.lua:89]: Skip loaded file: file:///home/gustavo/Documents/lua/game/character.lua
[01:59:52.730][info] [#0:script/workspace/loading.lua:173]: Loaded files takes [0.000] sec: file:///home/gustavo/Documents/lua/game/character.lua
[01:59:52.730][info] [#0:script/workspace/loading.lua:182]: Compile files takes [0.000] sec: file:///home/gustavo/Documents/lua/game/character.lua
[01:59:52.730][info] [#0:script/workspace/loading.lua:183]: Loaded finish:	file:///home/gustavo/Documents/lua/game/character.lua
[01:59:56.815][info] [#0:script/provider/diagnostic.lua:557]: Diagnostics scope [file:///home/gustavo/Documents/lua/game], files count:[41]
[01:59:56.870][info] [#0:script/provider/diagnostic.lua:574]: Diagnostics scope [file:///home/gustavo/Documents/lua/game] finished, takes [0.047] sec.
[02:00:30.787][info] [#0:script/workspace/workspace.lua:284]: Scan files at:	file:///home/gustavo/Documents/lua/game/character.lua
[02:00:30.787][info] [#0:script/workspace/loading.lua:161]: Load files from disk:	file:///home/gustavo/Documents/lua/game/character.lua
[02:00:30.787][info] [#0:script/workspace/loading.lua:89]: Skip loaded file: file:///home/gustavo/Documents/lua/game/character.lua
[02:00:30.787][info] [#0:script/workspace/loading.lua:173]: Loaded files takes [0.000] sec: file:///home/gustavo/Documents/lua/game/character.lua
[02:00:30.787][info] [#0:script/workspace/loading.lua:182]: Compile files takes [0.000] sec: file:///home/gustavo/Documents/lua/game/character.lua
[02:00:30.787][info] [#0:script/workspace/loading.lua:183]: Loaded finish:	file:///home/gustavo/Documents/lua/game/character.lua
[02:00:34.822][info] [#0:script/provider/diagnostic.lua:557]: Diagnostics scope [file:///home/gustavo/Documents/lua/game], files count:[41]
[02:00:34.920][info] [#0:script/provider/diagnostic.lua:574]: Diagnostics scope [file:///home/gustavo/Documents/lua/game] finished, takes [0.091] sec.
[02:00:43.761][info] [#0:script/workspace/workspace.lua:284]: Scan files at:	file:///home/gustavo/Documents/lua/game/character.lua
[02:00:43.762][info] [#0:script/workspace/loading.lua:161]: Load files from disk:	file:///home/gustavo/Documents/lua/game/character.lua
[02:00:43.762][info] [#0:script/workspace/loading.lua:89]: Skip loaded file: file:///home/gustavo/Documents/lua/game/character.lua
[02:00:43.763][info] [#0:script/workspace/loading.lua:173]: Loaded files takes [0.001] sec: file:///home/gustavo/Documents/lua/game/character.lua
[02:00:43.763][info] [#0:script/workspace/loading.lua:182]: Compile files takes [0.000] sec: file:///home/gustavo/Documents/lua/game/character.lua
[02:00:43.763][info] [#0:script/workspace/loading.lua:183]: Loaded finish:	file:///home/gustavo/Documents/lua/game/character.lua
[02:00:47.724][info] [#0:script/provider/diagnostic.lua:557]: Diagnostics scope [file:///home/gustavo/Documents/lua/game], files count:[41]
[02:00:47.837][info] [#0:script/provider/diagnostic.lua:574]: Diagnostics scope [file:///home/gustavo/Documents/lua/game] finished, takes [0.104] sec.
[02:01:00.748][info] [#0:script/workspace/workspace.lua:284]: Scan files at:	file:///home/gustavo/Documents/lua/game/character.lua
[02:01:00.748][info] [#0:script/workspace/loading.lua:161]: Load files from disk:	file:///home/gustavo/Documents/lua/game/character.lua
[02:01:00.748][info] [#0:script/workspace/loading.lua:89]: Skip loaded file: file:///home/gustavo/Documents/lua/game/character.lua
[02:01:00.748][info] [#0:script/workspace/loading.lua:173]: Loaded files takes [0.000] sec: file:///home/gustavo/Documents/lua/game/character.lua
[02:01:00.748][info] [#0:script/workspace/loading.lua:182]: Compile files takes [0.000] sec: file:///home/gustavo/Documents/lua/game/character.lua
[02:01:00.748][info] [#0:script/workspace/loading.lua:183]: Loaded finish:	file:///home/gustavo/Documents/lua/game/character.lua
[02:01:04.832][info] [#0:script/provider/diagnostic.lua:557]: Diagnostics scope [file:///home/gustavo/Documents/lua/game], files count:[41]
[02:01:04.934][info] [#0:script/provider/diagnostic.lua:574]: Diagnostics scope [file:///home/gustavo/Documents/lua/game] finished, takes [0.101] sec.
[02:01:30.830][info] [#0:script/workspace/workspace.lua:284]: Scan files at:	file:///home/gustavo/Documents/lua/game/character.lua
[02:01:30.831][info] [#0:script/workspace/loading.lua:161]: Load files from disk:	file:///home/gustavo/Documents/lua/game/character.lua
[02:01:30.831][info] [#0:script/workspace/loading.lua:89]: Skip loaded file: file:///home/gustavo/Documents/lua/game/character.lua
[02:01:30.832][info] [#0:script/workspace/loading.lua:173]: Loaded files takes [0.001] sec: file:///home/gustavo/Documents/lua/game/character.lua
[02:01:30.832][info] [#0:script/workspace/loading.lua:182]: Compile files takes [0.000] sec: file:///home/gustavo/Documents/lua/game/character.lua
[02:01:30.832][info] [#0:script/workspace/loading.lua:183]: Loaded finish:	file:///home/gustavo/Documents/lua/game/character.lua
[02:01:33.637][info] [#0:script/provider/diagnostic.lua:557]: Diagnostics scope [file:///home/gustavo/Documents/lua/game], files count:[41]
[02:01:33.757][info] [#0:script/provider/diagnostic.lua:574]: Diagnostics scope [file:///home/gustavo/Documents/lua/game] finished, takes [0.115] sec.
[02:01:40.741][info] [#0:script/workspace/workspace.lua:284]: Scan files at:	file:///home/gustavo/Documents/lua/game/character.lua
[02:01:40.753][info] [#0:script/workspace/loading.lua:161]: Load files from disk:	file:///home/gustavo/Documents/lua/game/character.lua
[02:01:40.753][info] [#0:script/workspace/loading.lua:89]: Skip loaded file: file:///home/gustavo/Documents/lua/game/character.lua
[02:01:40.754][info] [#0:script/workspace/loading.lua:173]: Loaded files takes [0.000] sec: file:///home/gustavo/Documents/lua/game/character.lua
[02:01:40.754][info] [#0:script/workspace/loading.lua:182]: Compile files takes [0.000] sec: file:///home/gustavo/Documents/lua/game/character.lua
[02:01:40.754][info] [#0:script/workspace/loading.lua:183]: Loaded finish:	file:///home/gustavo/Documents/lua/game/character.lua
[02:01:44.536][info] [#0:script/provider/diagnostic.lua:557]: Diagnostics scope [file:///home/gustavo/Documents/lua/game], files count:[41]
[02:01:44.643][info] [#0:script/provider/diagnostic.lua:574]: Diagnostics scope [file:///home/gustavo/Documents/lua/game] finished, takes [0.104] sec.
[02:01:47.744][info] [#0:script/workspace/workspace.lua:284]: Scan files at:	file:///home/gustavo/Documents/lua/game/character.lua
[02:01:47.744][info] [#0:script/workspace/loading.lua:161]: Load files from disk:	file:///home/gustavo/Documents/lua/game/character.lua
[02:01:47.744][info] [#0:script/workspace/loading.lua:89]: Skip loaded file: file:///home/gustavo/Documents/lua/game/character.lua
[02:01:47.744][info] [#0:script/workspace/loading.lua:173]: Loaded files takes [0.000] sec: file:///home/gustavo/Documents/lua/game/character.lua
[02:01:47.744][info] [#0:script/workspace/loading.lua:182]: Compile files takes [0.000] sec: file:///home/gustavo/Documents/lua/game/character.lua
[02:01:47.744][info] [#0:script/workspace/loading.lua:183]: Loaded finish:	file:///home/gustavo/Documents/lua/game/character.lua
[02:01:51.837][info] [#0:script/provider/diagnostic.lua:557]: Diagnostics scope [file:///home/gustavo/Documents/lua/game], files count:[41]
[02:01:51.958][info] [#0:script/provider/diagnostic.lua:574]: Diagnostics scope [file:///home/gustavo/Documents/lua/game] finished, takes [0.121] sec.
[02:02:01.802][info] [#0:script/workspace/workspace.lua:284]: Scan files at:	file:///home/gustavo/Documents/lua/game/character.lua
[02:02:01.803][info] [#0:script/workspace/loading.lua:161]: Load files from disk:	file:///home/gustavo/Documents/lua/game/character.lua
[02:02:01.803][info] [#0:script/workspace/loading.lua:89]: Skip loaded file: file:///home/gustavo/Documents/lua/game/character.lua
[02:02:01.803][info] [#0:script/workspace/loading.lua:173]: Loaded files takes [0.000] sec: file:///home/gustavo/Documents/lua/game/character.lua
[02:02:01.803][info] [#0:script/workspace/loading.lua:182]: Compile files takes [0.000] sec: file:///home/gustavo/Documents/lua/game/character.lua
[02:02:01.803][info] [#0:script/workspace/loading.lua:183]: Loaded finish:	file:///home/gustavo/Documents/lua/game/character.lua
[02:02:05.839][info] [#0:script/provider/diagnostic.lua:557]: Diagnostics scope [file:///home/gustavo/Documents/lua/game], files count:[41]
[02:02:05.905][info] [#0:script/provider/diagnostic.lua:574]: Diagnostics scope [file:///home/gustavo/Documents/lua/game] finished, takes [0.066] sec.
